{"/home/somil.kaushik/blogs-ui/src/App.js": {"path":"/home/somil.kaushik/blogs-ui/src/App.js","statementMap":{"0":{"start":{"line":7,"column":2},"end":{"line":13,"column":4}}},"fnMap":{"0":{"name":"App","decl":{"start":{"line":6,"column":9},"end":{"line":6,"column":12}},"loc":{"start":{"line":6,"column":15},"end":{"line":14,"column":1}},"line":6}},"branchMap":{},"s":{"0":1},"f":{"0":1},"b":{},"_coverageSchema":"1a1c01bbd47fc00a2c39e90264f33305004495a9","hash":"be642d41647069befab27b49c318d0909e7dc6a5"}
,"/home/somil.kaushik/blogs-ui/src/component/Button.jsx": {"path":"/home/somil.kaushik/blogs-ui/src/component/Button.jsx","statementMap":{"0":{"start":{"line":10,"column":14},"end":{"line":15,"column":1}},"1":{"start":{"line":17,"column":15},"end":{"line":25,"column":1}},"2":{"start":{"line":18,"column":28},"end":{"line":18,"column":33}},"3":{"start":{"line":19,"column":24},"end":{"line":19,"column":57}},"4":{"start":{"line":20,"column":2},"end":{"line":24,"column":4}}},"fnMap":{"0":{"name":"(anonymous_0)","decl":{"start":{"line":17,"column":15},"end":{"line":17,"column":16}},"loc":{"start":{"line":17,"column":26},"end":{"line":25,"column":1}},"line":17}},"branchMap":{"0":{"loc":{"start":{"line":19,"column":24},"end":{"line":19,"column":57}},"type":"cond-expr","locations":[{"start":{"line":19,"column":35},"end":{"line":19,"column":50}},{"start":{"line":19,"column":53},"end":{"line":19,"column":57}}],"line":19}},"s":{"0":4,"1":4,"2":169,"3":169,"4":169},"f":{"0":169},"b":{"0":[156,13]},"_coverageSchema":"1a1c01bbd47fc00a2c39e90264f33305004495a9","hash":"244136f37e53df2aeb8256876ef3d9d4cafd3a1c"}
,"/home/somil.kaushik/blogs-ui/src/component/Card.jsx": {"path":"/home/somil.kaushik/blogs-ui/src/component/Card.jsx","statementMap":{"0":{"start":{"line":3,"column":13},"end":{"line":5,"column":1}},"1":{"start":{"line":4,"column":2},"end":{"line":4,"column":52}}},"fnMap":{"0":{"name":"(anonymous_0)","decl":{"start":{"line":3,"column":13},"end":{"line":3,"column":14}},"loc":{"start":{"line":3,"column":41},"end":{"line":5,"column":1}},"line":3}},"branchMap":{},"s":{"0":5,"1":19},"f":{"0":19},"b":{},"_coverageSchema":"1a1c01bbd47fc00a2c39e90264f33305004495a9","hash":"7f91bde7bfef4a53a6d39b1d4fabe27a2f5e84ab"}
,"/home/somil.kaushik/blogs-ui/src/component/Form.jsx": {"path":"/home/somil.kaushik/blogs-ui/src/component/Form.jsx","statementMap":{"0":{"start":{"line":6,"column":13},"end":{"line":8,"column":1}},"1":{"start":{"line":7,"column":2},"end":{"line":7,"column":52}}},"fnMap":{"0":{"name":"(anonymous_0)","decl":{"start":{"line":6,"column":13},"end":{"line":6,"column":14}},"loc":{"start":{"line":6,"column":41},"end":{"line":8,"column":1}},"line":6}},"branchMap":{},"s":{"0":10,"1":12},"f":{"0":12},"b":{},"_coverageSchema":"1a1c01bbd47fc00a2c39e90264f33305004495a9","hash":"b734a7ce6f3d10317ab7ca4a695b3b5225e311fe"}
,"/home/somil.kaushik/blogs-ui/src/component/FormItem.jsx": {"path":"/home/somil.kaushik/blogs-ui/src/component/FormItem.jsx","statementMap":{"0":{"start":{"line":3,"column":17},"end":{"line":5,"column":1}},"1":{"start":{"line":4,"column":2},"end":{"line":4,"column":34}}},"fnMap":{"0":{"name":"(anonymous_0)","decl":{"start":{"line":3,"column":17},"end":{"line":3,"column":18}},"loc":{"start":{"line":3,"column":28},"end":{"line":5,"column":1}},"line":3}},"branchMap":{},"s":{"0":2,"1":69},"f":{"0":69},"b":{},"_coverageSchema":"1a1c01bbd47fc00a2c39e90264f33305004495a9","hash":"221fa6a20e705d5a683fac0a319a4b1303af9a2c"}
,"/home/somil.kaushik/blogs-ui/src/component/Image.jsx": {"path":"/home/somil.kaushik/blogs-ui/src/component/Image.jsx","statementMap":{"0":{"start":{"line":3,"column":14},"end":{"line":5,"column":1}},"1":{"start":{"line":4,"column":2},"end":{"line":4,"column":34}}},"fnMap":{"0":{"name":"(anonymous_0)","decl":{"start":{"line":3,"column":14},"end":{"line":3,"column":15}},"loc":{"start":{"line":3,"column":25},"end":{"line":5,"column":1}},"line":3}},"branchMap":{},"s":{"0":10,"1":2},"f":{"0":2},"b":{},"_coverageSchema":"1a1c01bbd47fc00a2c39e90264f33305004495a9","hash":"49460a3035b8d95c8984fc595af2784c7d551eb4"}
,"/home/somil.kaushik/blogs-ui/src/component/Input.jsx": {"path":"/home/somil.kaushik/blogs-ui/src/component/Input.jsx","statementMap":{"0":{"start":{"line":3,"column":14},"end":{"line":5,"column":1}},"1":{"start":{"line":4,"column":2},"end":{"line":4,"column":34}}},"fnMap":{"0":{"name":"(anonymous_0)","decl":{"start":{"line":3,"column":14},"end":{"line":3,"column":15}},"loc":{"start":{"line":3,"column":25},"end":{"line":5,"column":1}},"line":3}},"branchMap":{},"s":{"0":10,"1":19},"f":{"0":19},"b":{},"_coverageSchema":"1a1c01bbd47fc00a2c39e90264f33305004495a9","hash":"849b0a9cfd39c260313eb0f3f8c198f14a49bde6"}
,"/home/somil.kaushik/blogs-ui/src/component/InputNumber.jsx": {"path":"/home/somil.kaushik/blogs-ui/src/component/InputNumber.jsx","statementMap":{"0":{"start":{"line":3,"column":20},"end":{"line":5,"column":1}},"1":{"start":{"line":4,"column":2},"end":{"line":4,"column":40}}},"fnMap":{"0":{"name":"(anonymous_0)","decl":{"start":{"line":3,"column":20},"end":{"line":3,"column":21}},"loc":{"start":{"line":3,"column":38},"end":{"line":5,"column":1}},"line":3}},"branchMap":{},"s":{"0":10,"1":8},"f":{"0":8},"b":{},"_coverageSchema":"1a1c01bbd47fc00a2c39e90264f33305004495a9","hash":"d2414e98cc7bf946cbc4300c25d75a367f5f5e40"}
,"/home/somil.kaushik/blogs-ui/src/component/InputPassword.jsx": {"path":"/home/somil.kaushik/blogs-ui/src/component/InputPassword.jsx","statementMap":{"0":{"start":{"line":3,"column":22},"end":{"line":5,"column":1}},"1":{"start":{"line":4,"column":2},"end":{"line":4,"column":39}}},"fnMap":{"0":{"name":"(anonymous_0)","decl":{"start":{"line":3,"column":22},"end":{"line":3,"column":23}},"loc":{"start":{"line":3,"column":33},"end":{"line":5,"column":1}},"line":3}},"branchMap":{},"s":{"0":1,"1":7},"f":{"0":7},"b":{},"_coverageSchema":"1a1c01bbd47fc00a2c39e90264f33305004495a9","hash":"8088401848c55ad27654334d8f3cbb964535d497"}
,"/home/somil.kaushik/blogs-ui/src/component/List.jsx": {"path":"/home/somil.kaushik/blogs-ui/src/component/List.jsx","statementMap":{"0":{"start":{"line":3,"column":13},"end":{"line":5,"column":1}},"1":{"start":{"line":4,"column":2},"end":{"line":4,"column":33}},"2":{"start":{"line":7,"column":17},"end":{"line":9,"column":3}},"3":{"start":{"line":8,"column":4},"end":{"line":8,"column":40}},"4":{"start":{"line":11,"column":23},"end":{"line":13,"column":3}},"5":{"start":{"line":12,"column":4},"end":{"line":12,"column":45}}},"fnMap":{"0":{"name":"(anonymous_0)","decl":{"start":{"line":3,"column":13},"end":{"line":3,"column":14}},"loc":{"start":{"line":3,"column":24},"end":{"line":5,"column":1}},"line":3},"1":{"name":"(anonymous_1)","decl":{"start":{"line":7,"column":17},"end":{"line":7,"column":18}},"loc":{"start":{"line":7,"column":28},"end":{"line":9,"column":3}},"line":7},"2":{"name":"(anonymous_2)","decl":{"start":{"line":11,"column":23},"end":{"line":11,"column":24}},"loc":{"start":{"line":11,"column":34},"end":{"line":13,"column":3}},"line":11}},"branchMap":{},"s":{"0":1,"1":13,"2":1,"3":53,"4":1,"5":53},"f":{"0":13,"1":53,"2":53},"b":{},"_coverageSchema":"1a1c01bbd47fc00a2c39e90264f33305004495a9","hash":"5d3ed60ae00d00f81cd30a599308c1152d1b1f12"}
,"/home/somil.kaushik/blogs-ui/src/component/Message.jsx": {"path":"/home/somil.kaushik/blogs-ui/src/component/Message.jsx","statementMap":{"0":{"start":{"line":2,"column":23},"end":{"line":8,"column":1}},"1":{"start":{"line":3,"column":2},"end":{"line":7,"column":5}},"2":{"start":{"line":9,"column":21},"end":{"line":15,"column":1}},"3":{"start":{"line":10,"column":2},"end":{"line":14,"column":5}}},"fnMap":{"0":{"name":"(anonymous_0)","decl":{"start":{"line":2,"column":23},"end":{"line":2,"column":24}},"loc":{"start":{"line":2,"column":36},"end":{"line":8,"column":1}},"line":2},"1":{"name":"(anonymous_1)","decl":{"start":{"line":9,"column":21},"end":{"line":9,"column":22}},"loc":{"start":{"line":9,"column":34},"end":{"line":15,"column":1}},"line":9}},"branchMap":{},"s":{"0":2,"1":1,"2":2,"3":55},"f":{"0":1,"1":55},"b":{},"_coverageSchema":"1a1c01bbd47fc00a2c39e90264f33305004495a9","hash":"831b7ffae073ef3f9aab974fbd3c22dade312732"}
,"/home/somil.kaushik/blogs-ui/src/component/Modal.jsx": {"path":"/home/somil.kaushik/blogs-ui/src/component/Modal.jsx","statementMap":{"0":{"start":{"line":4,"column":14},"end":{"line":10,"column":1}},"1":{"start":{"line":5,"column":2},"end":{"line":9,"column":4}}},"fnMap":{"0":{"name":"(anonymous_0)","decl":{"start":{"line":4,"column":14},"end":{"line":4,"column":15}},"loc":{"start":{"line":4,"column":25},"end":{"line":10,"column":1}},"line":4}},"branchMap":{},"s":{"0":1,"1":12},"f":{"0":12},"b":{},"_coverageSchema":"1a1c01bbd47fc00a2c39e90264f33305004495a9","hash":"fd93a2125ee904598081ae6d6ad7a3bc924894af"}
,"/home/somil.kaushik/blogs-ui/src/component/RadioGroup.jsx": {"path":"/home/somil.kaushik/blogs-ui/src/component/RadioGroup.jsx","statementMap":{"0":{"start":{"line":4,"column":19},"end":{"line":18,"column":1}},"1":{"start":{"line":5,"column":2},"end":{"line":17,"column":4}},"2":{"start":{"line":8,"column":8},"end":{"line":14,"column":16}}},"fnMap":{"0":{"name":"(anonymous_0)","decl":{"start":{"line":4,"column":19},"end":{"line":4,"column":20}},"loc":{"start":{"line":4,"column":46},"end":{"line":18,"column":1}},"line":4},"1":{"name":"(anonymous_1)","decl":{"start":{"line":7,"column":19},"end":{"line":7,"column":20}},"loc":{"start":{"line":8,"column":8},"end":{"line":14,"column":16}},"line":8}},"branchMap":{},"s":{"0":10,"1":8,"2":16},"f":{"0":8,"1":16},"b":{},"_coverageSchema":"1a1c01bbd47fc00a2c39e90264f33305004495a9","hash":"e9e7750239d1ff33e55b56c7c5eefb2e874633ad"}
,"/home/somil.kaushik/blogs-ui/src/component/Select.jsx": {"path":"/home/somil.kaushik/blogs-ui/src/component/Select.jsx","statementMap":{"0":{"start":{"line":4,"column":15},"end":{"line":14,"column":1}},"1":{"start":{"line":5,"column":2},"end":{"line":13,"column":4}},"2":{"start":{"line":8,"column":8},"end":{"line":10,"column":28}}},"fnMap":{"0":{"name":"(anonymous_0)","decl":{"start":{"line":4,"column":15},"end":{"line":4,"column":16}},"loc":{"start":{"line":4,"column":42},"end":{"line":14,"column":1}},"line":4},"1":{"name":"(anonymous_1)","decl":{"start":{"line":7,"column":19},"end":{"line":7,"column":20}},"loc":{"start":{"line":8,"column":8},"end":{"line":10,"column":28}},"line":8}},"branchMap":{},"s":{"0":10,"1":4,"2":20},"f":{"0":4,"1":20},"b":{},"_coverageSchema":"1a1c01bbd47fc00a2c39e90264f33305004495a9","hash":"73c51a68cf38f21467e9133f8e1ef8e46d317b9c"}
,"/home/somil.kaushik/blogs-ui/src/component/SideBar.jsx": {"path":"/home/somil.kaushik/blogs-ui/src/component/SideBar.jsx","statementMap":{"0":{"start":{"line":6,"column":27},"end":{"line":6,"column":33}},"1":{"start":{"line":8,"column":13},"end":{"line":84,"column":1}},"2":{"start":{"line":9,"column":19},"end":{"line":9,"column":32}},"3":{"start":{"line":11,"column":25},"end":{"line":11,"column":30}},"4":{"start":{"line":13,"column":21},"end":{"line":15,"column":3}},"5":{"start":{"line":14,"column":4},"end":{"line":14,"column":22}},"6":{"start":{"line":17,"column":2},"end":{"line":83,"column":4}},"7":{"start":{"line":43,"column":27},"end":{"line":43,"column":46}},"8":{"start":{"line":50,"column":27},"end":{"line":50,"column":49}},"9":{"start":{"line":58,"column":14},"end":{"line":58,"column":51}},"10":{"start":{"line":59,"column":14},"end":{"line":59,"column":28}},"11":{"start":{"line":85,"column":0},"end":{"line":87,"column":2}}},"fnMap":{"0":{"name":"(anonymous_0)","decl":{"start":{"line":8,"column":13},"end":{"line":8,"column":14}},"loc":{"start":{"line":8,"column":31},"end":{"line":84,"column":1}},"line":8},"1":{"name":"(anonymous_1)","decl":{"start":{"line":13,"column":21},"end":{"line":13,"column":22}},"loc":{"start":{"line":13,"column":27},"end":{"line":15,"column":3}},"line":13},"2":{"name":"(anonymous_2)","decl":{"start":{"line":43,"column":21},"end":{"line":43,"column":22}},"loc":{"start":{"line":43,"column":27},"end":{"line":43,"column":46}},"line":43},"3":{"name":"(anonymous_3)","decl":{"start":{"line":50,"column":21},"end":{"line":50,"column":22}},"loc":{"start":{"line":50,"column":27},"end":{"line":50,"column":49}},"line":50},"4":{"name":"(anonymous_4)","decl":{"start":{"line":57,"column":21},"end":{"line":57,"column":22}},"loc":{"start":{"line":57,"column":27},"end":{"line":60,"column":13}},"line":57}},"branchMap":{},"s":{"0":11,"1":11,"2":46,"3":46,"4":46,"5":1,"6":46,"7":1,"8":1,"9":1,"10":1,"11":11},"f":{"0":46,"1":1,"2":1,"3":1,"4":1},"b":{},"_coverageSchema":"1a1c01bbd47fc00a2c39e90264f33305004495a9","hash":"227b55177a5d349bb6b127cf58a9f99f42fd4e06"}
,"/home/somil.kaushik/blogs-ui/src/component/Skeleton.jsx": {"path":"/home/somil.kaushik/blogs-ui/src/component/Skeleton.jsx","statementMap":{"0":{"start":{"line":3,"column":17},"end":{"line":5,"column":1}},"1":{"start":{"line":4,"column":2},"end":{"line":4,"column":26}}},"fnMap":{"0":{"name":"(anonymous_0)","decl":{"start":{"line":3,"column":17},"end":{"line":3,"column":18}},"loc":{"start":{"line":3,"column":23},"end":{"line":5,"column":1}},"line":3}},"branchMap":{},"s":{"0":10,"1":1},"f":{"0":1},"b":{},"_coverageSchema":"1a1c01bbd47fc00a2c39e90264f33305004495a9","hash":"09e3ccd603a430181dc2c715978142b4ebc091fa"}
,"/home/somil.kaushik/blogs-ui/src/component/Space.jsx": {"path":"/home/somil.kaushik/blogs-ui/src/component/Space.jsx","statementMap":{"0":{"start":{"line":2,"column":14},"end":{"line":4,"column":1}},"1":{"start":{"line":3,"column":2},"end":{"line":3,"column":34}}},"fnMap":{"0":{"name":"(anonymous_0)","decl":{"start":{"line":2,"column":14},"end":{"line":2,"column":15}},"loc":{"start":{"line":2,"column":25},"end":{"line":4,"column":1}},"line":2}},"branchMap":{},"s":{"0":1,"1":7},"f":{"0":7},"b":{},"_coverageSchema":"1a1c01bbd47fc00a2c39e90264f33305004495a9","hash":"8341c8c0a86c7a2cda977a05fc400be73d003c5d"}
,"/home/somil.kaushik/blogs-ui/src/component/Spin.jsx": {"path":"/home/somil.kaushik/blogs-ui/src/component/Spin.jsx","statementMap":{"0":{"start":{"line":4,"column":13},"end":{"line":6,"column":1}},"1":{"start":{"line":5,"column":2},"end":{"line":5,"column":38}}},"fnMap":{"0":{"name":"(anonymous_0)","decl":{"start":{"line":4,"column":13},"end":{"line":4,"column":14}},"loc":{"start":{"line":4,"column":24},"end":{"line":6,"column":1}},"line":4}},"branchMap":{},"s":{"0":10,"1":9},"f":{"0":9},"b":{},"_coverageSchema":"1a1c01bbd47fc00a2c39e90264f33305004495a9","hash":"1527fc167fe5488913ef86168f8203ae08961e7e"}
,"/home/somil.kaushik/blogs-ui/src/component/Table.jsx": {"path":"/home/somil.kaushik/blogs-ui/src/component/Table.jsx","statementMap":{"0":{"start":{"line":4,"column":14},"end":{"line":6,"column":1}},"1":{"start":{"line":5,"column":2},"end":{"line":5,"column":39}}},"fnMap":{"0":{"name":"(anonymous_0)","decl":{"start":{"line":4,"column":14},"end":{"line":4,"column":15}},"loc":{"start":{"line":4,"column":25},"end":{"line":6,"column":1}},"line":4}},"branchMap":{},"s":{"0":10,"1":3},"f":{"0":3},"b":{},"_coverageSchema":"1a1c01bbd47fc00a2c39e90264f33305004495a9","hash":"b5d2c09b4ca8d2204a60cd58f86d5d450ee93326"}
,"/home/somil.kaushik/blogs-ui/src/component/Typography.jsx": {"path":"/home/somil.kaushik/blogs-ui/src/component/Typography.jsx","statementMap":{"0":{"start":{"line":3,"column":19},"end":{"line":6,"column":1}},"1":{"start":{"line":4,"column":19},"end":{"line":4,"column":24}},"2":{"start":{"line":5,"column":2},"end":{"line":5,"column":48}}},"fnMap":{"0":{"name":"(anonymous_0)","decl":{"start":{"line":3,"column":19},"end":{"line":3,"column":20}},"loc":{"start":{"line":3,"column":30},"end":{"line":6,"column":1}},"line":3}},"branchMap":{},"s":{"0":1,"1":5,"2":5},"f":{"0":5},"b":{},"_coverageSchema":"1a1c01bbd47fc00a2c39e90264f33305004495a9","hash":"4060a452b096a685a311bbc0289cf617b62d3874"}
,"/home/somil.kaushik/blogs-ui/src/component/index.js": {"path":"/home/somil.kaushik/blogs-ui/src/component/index.js","statementMap":{"0":{"start":{"line":18,"column":15},"end":{"line":18,"column":45}},"1":{"start":{"line":18,"column":26},"end":{"line":18,"column":44}},"2":{"start":{"line":19,"column":19},"end":{"line":19,"column":53}},"3":{"start":{"line":19,"column":30},"end":{"line":19,"column":52}},"4":{"start":{"line":21,"column":22},"end":{"line":21,"column":59}},"5":{"start":{"line":21,"column":33},"end":{"line":21,"column":58}},"6":{"start":{"line":22,"column":13},"end":{"line":22,"column":41}},"7":{"start":{"line":22,"column":24},"end":{"line":22,"column":40}},"8":{"start":{"line":25,"column":17},"end":{"line":25,"column":49}},"9":{"start":{"line":25,"column":28},"end":{"line":25,"column":48}},"10":{"start":{"line":26,"column":14},"end":{"line":26,"column":43}},"11":{"start":{"line":26,"column":25},"end":{"line":26,"column":42}},"12":{"start":{"line":31,"column":14},"end":{"line":31,"column":43}},"13":{"start":{"line":31,"column":25},"end":{"line":31,"column":42}},"14":{"start":{"line":32,"column":13},"end":{"line":32,"column":41}},"15":{"start":{"line":32,"column":24},"end":{"line":32,"column":40}}},"fnMap":{"0":{"name":"(anonymous_0)","decl":{"start":{"line":18,"column":20},"end":{"line":18,"column":21}},"loc":{"start":{"line":18,"column":26},"end":{"line":18,"column":44}},"line":18},"1":{"name":"(anonymous_1)","decl":{"start":{"line":19,"column":24},"end":{"line":19,"column":25}},"loc":{"start":{"line":19,"column":30},"end":{"line":19,"column":52}},"line":19},"2":{"name":"(anonymous_2)","decl":{"start":{"line":21,"column":27},"end":{"line":21,"column":28}},"loc":{"start":{"line":21,"column":33},"end":{"line":21,"column":58}},"line":21},"3":{"name":"(anonymous_3)","decl":{"start":{"line":22,"column":18},"end":{"line":22,"column":19}},"loc":{"start":{"line":22,"column":24},"end":{"line":22,"column":40}},"line":22},"4":{"name":"(anonymous_4)","decl":{"start":{"line":25,"column":22},"end":{"line":25,"column":23}},"loc":{"start":{"line":25,"column":28},"end":{"line":25,"column":48}},"line":25},"5":{"name":"(anonymous_5)","decl":{"start":{"line":26,"column":19},"end":{"line":26,"column":20}},"loc":{"start":{"line":26,"column":25},"end":{"line":26,"column":42}},"line":26},"6":{"name":"(anonymous_6)","decl":{"start":{"line":31,"column":19},"end":{"line":31,"column":20}},"loc":{"start":{"line":31,"column":25},"end":{"line":31,"column":42}},"line":31},"7":{"name":"(anonymous_7)","decl":{"start":{"line":32,"column":18},"end":{"line":32,"column":19}},"loc":{"start":{"line":32,"column":24},"end":{"line":32,"column":40}},"line":32}},"branchMap":{},"s":{"0":10,"1":4,"2":10,"3":1,"4":10,"5":1,"6":10,"7":5,"8":10,"9":2,"10":10,"11":1,"12":10,"13":1,"14":10,"15":3},"f":{"0":4,"1":1,"2":1,"3":5,"4":2,"5":1,"6":1,"7":3},"b":{},"_coverageSchema":"1a1c01bbd47fc00a2c39e90264f33305004495a9","hash":"9c893bf1d21350f4d729ef1ac9dba9a199564ab7"}
,"/home/somil.kaushik/blogs-ui/src/config/config.js": {"path":"/home/somil.kaushik/blogs-ui/src/config/config.js","statementMap":{"0":{"start":{"line":1,"column":24},"end":{"line":1,"column":54}},"1":{"start":{"line":2,"column":29},"end":{"line":2,"column":64}}},"fnMap":{},"branchMap":{},"s":{"0":9,"1":9},"f":{},"b":{},"_coverageSchema":"1a1c01bbd47fc00a2c39e90264f33305004495a9","hash":"2758f16345a8d239a463f170730a61420291b25f"}
,"/home/somil.kaushik/blogs-ui/src/modules/index.js": {"path":"/home/somil.kaushik/blogs-ui/src/modules/index.js","statementMap":{},"fnMap":{},"branchMap":{},"s":{},"f":{},"b":{},"_coverageSchema":"1a1c01bbd47fc00a2c39e90264f33305004495a9","hash":"c6c804dd6129f27a114a137fb381ced1b7d3f257"}
,"/home/somil.kaushik/blogs-ui/src/modules/blogs/BulkErrorDetail.jsx": {"path":"/home/somil.kaushik/blogs-ui/src/modules/blogs/BulkErrorDetail.jsx","statementMap":{"0":{"start":{"line":6,"column":24},"end":{"line":69,"column":1}},"1":{"start":{"line":7,"column":25},"end":{"line":7,"column":36}},"2":{"start":{"line":9,"column":38},"end":{"line":9,"column":50}},"3":{"start":{"line":10,"column":32},"end":{"line":10,"column":46}},"4":{"start":{"line":11,"column":32},"end":{"line":11,"column":44}},"5":{"start":{"line":13,"column":28},"end":{"line":24,"column":3}},"6":{"start":{"line":14,"column":4},"end":{"line":23,"column":5}},"7":{"start":{"line":15,"column":26},"end":{"line":15,"column":60}},"8":{"start":{"line":16,"column":6},"end":{"line":16,"column":43}},"9":{"start":{"line":18,"column":6},"end":{"line":18,"column":42}},"10":{"start":{"line":20,"column":6},"end":{"line":20,"column":32}},"11":{"start":{"line":22,"column":6},"end":{"line":22,"column":24}},"12":{"start":{"line":26,"column":2},"end":{"line":28,"column":19}},"13":{"start":{"line":27,"column":4},"end":{"line":27,"column":24}},"14":{"start":{"line":30,"column":18},"end":{"line":41,"column":3}},"15":{"start":{"line":43,"column":2},"end":{"line":45,"column":3}},"16":{"start":{"line":44,"column":4},"end":{"line":44,"column":55}},"17":{"start":{"line":47,"column":2},"end":{"line":49,"column":3}},"18":{"start":{"line":48,"column":4},"end":{"line":48,"column":37}},"19":{"start":{"line":51,"column":2},"end":{"line":53,"column":3}},"20":{"start":{"line":52,"column":4},"end":{"line":52,"column":40}},"21":{"start":{"line":55,"column":2},"end":{"line":68,"column":4}}},"fnMap":{"0":{"name":"(anonymous_0)","decl":{"start":{"line":6,"column":24},"end":{"line":6,"column":25}},"loc":{"start":{"line":6,"column":30},"end":{"line":69,"column":1}},"line":6},"1":{"name":"(anonymous_1)","decl":{"start":{"line":13,"column":28},"end":{"line":13,"column":29}},"loc":{"start":{"line":13,"column":40},"end":{"line":24,"column":3}},"line":13},"2":{"name":"(anonymous_2)","decl":{"start":{"line":26,"column":12},"end":{"line":26,"column":13}},"loc":{"start":{"line":26,"column":18},"end":{"line":28,"column":3}},"line":26}},"branchMap":{"0":{"loc":{"start":{"line":43,"column":2},"end":{"line":45,"column":3}},"type":"if","locations":[{"start":{"line":43,"column":2},"end":{"line":45,"column":3}},{"start":{},"end":{}}],"line":43},"1":{"loc":{"start":{"line":47,"column":2},"end":{"line":49,"column":3}},"type":"if","locations":[{"start":{"line":47,"column":2},"end":{"line":49,"column":3}},{"start":{},"end":{}}],"line":47},"2":{"loc":{"start":{"line":51,"column":2},"end":{"line":53,"column":3}},"type":"if","locations":[{"start":{"line":51,"column":2},"end":{"line":53,"column":3}},{"start":{},"end":{}}],"line":51}},"s":{"0":1,"1":4,"2":4,"3":4,"4":4,"5":4,"6":3,"7":3,"8":0,"9":3,"10":3,"11":3,"12":4,"13":3,"14":4,"15":4,"16":3,"17":1,"18":1,"19":0,"20":0,"21":0},"f":{"0":4,"1":3,"2":3},"b":{"0":[3,1],"1":[1,0],"2":[0,0]},"_coverageSchema":"1a1c01bbd47fc00a2c39e90264f33305004495a9","hash":"dcc07d8f8ad82ee05d04c30103d2ae0af9229f3b"}
,"/home/somil.kaushik/blogs-ui/src/modules/blogs/BulkUpload.jsx": {"path":"/home/somil.kaushik/blogs-ui/src/modules/blogs/BulkUpload.jsx","statementMap":{"0":{"start":{"line":5,"column":19},"end":{"line":80,"column":1}},"1":{"start":{"line":6,"column":26},"end":{"line":6,"column":40}},"2":{"start":{"line":7,"column":36},"end":{"line":7,"column":51}},"3":{"start":{"line":9,"column":27},"end":{"line":11,"column":3}},"4":{"start":{"line":10,"column":4},"end":{"line":10,"column":35}},"5":{"start":{"line":13,"column":27},"end":{"line":27,"column":3}},"6":{"start":{"line":14,"column":4},"end":{"line":14,"column":23}},"7":{"start":{"line":15,"column":21},"end":{"line":15,"column":35}},"8":{"start":{"line":16,"column":4},"end":{"line":16,"column":34}},"9":{"start":{"line":18,"column":4},"end":{"line":26,"column":5}},"10":{"start":{"line":19,"column":6},"end":{"line":19,"column":33}},"11":{"start":{"line":20,"column":6},"end":{"line":20,"column":26}},"12":{"start":{"line":21,"column":6},"end":{"line":21,"column":43}},"13":{"start":{"line":23,"column":6},"end":{"line":23,"column":37}},"14":{"start":{"line":25,"column":6},"end":{"line":25,"column":26}},"15":{"start":{"line":29,"column":2},"end":{"line":79,"column":4}}},"fnMap":{"0":{"name":"(anonymous_0)","decl":{"start":{"line":5,"column":19},"end":{"line":5,"column":20}},"loc":{"start":{"line":5,"column":25},"end":{"line":80,"column":1}},"line":5},"1":{"name":"(anonymous_1)","decl":{"start":{"line":9,"column":27},"end":{"line":9,"column":28}},"loc":{"start":{"line":9,"column":38},"end":{"line":11,"column":3}},"line":9},"2":{"name":"(anonymous_2)","decl":{"start":{"line":13,"column":27},"end":{"line":13,"column":28}},"loc":{"start":{"line":13,"column":39},"end":{"line":27,"column":3}},"line":13}},"branchMap":{"0":{"loc":{"start":{"line":31,"column":7},"end":{"line":35,"column":14}},"type":"cond-expr","locations":[{"start":{"line":32,"column":8},"end":{"line":34,"column":14}},{"start":{"line":35,"column":10},"end":{"line":35,"column":14}}],"line":31}},"s":{"0":1,"1":6,"2":5,"3":5,"4":1,"5":5,"6":1,"7":1,"8":1,"9":1,"10":1,"11":1,"12":1,"13":0,"14":1,"15":5},"f":{"0":6,"1":1,"2":1},"b":{"0":[1,4]},"_coverageSchema":"1a1c01bbd47fc00a2c39e90264f33305004495a9","hash":"3d8fd8035e8cae7cf7380148c2d9060ad07ddba5"}
,"/home/somil.kaushik/blogs-ui/src/modules/blogs/BulkUploadListing.jsx": {"path":"/home/somil.kaushik/blogs-ui/src/modules/blogs/BulkUploadListing.jsx","statementMap":{"0":{"start":{"line":7,"column":26},"end":{"line":73,"column":1}},"1":{"start":{"line":8,"column":40},"end":{"line":8,"column":52}},"2":{"start":{"line":9,"column":19},"end":{"line":9,"column":32}},"3":{"start":{"line":10,"column":32},"end":{"line":10,"column":46}},"4":{"start":{"line":12,"column":37},"end":{"line":14,"column":3}},"5":{"start":{"line":13,"column":4},"end":{"line":13,"column":43}},"6":{"start":{"line":16,"column":27},"end":{"line":25,"column":3}},"7":{"start":{"line":17,"column":4},"end":{"line":24,"column":5}},"8":{"start":{"line":18,"column":26},"end":{"line":18,"column":45}},"9":{"start":{"line":19,"column":6},"end":{"line":19,"column":44}},"10":{"start":{"line":21,"column":6},"end":{"line":21,"column":36}},"11":{"start":{"line":23,"column":6},"end":{"line":23,"column":24}},"12":{"start":{"line":27,"column":2},"end":{"line":29,"column":9}},"13":{"start":{"line":28,"column":4},"end":{"line":28,"column":23}},"14":{"start":{"line":31,"column":2},"end":{"line":33,"column":3}},"15":{"start":{"line":32,"column":4},"end":{"line":32,"column":33}},"16":{"start":{"line":35,"column":18},"end":{"line":64,"column":3}},"17":{"start":{"line":41,"column":8},"end":{"line":47,"column":14}},"18":{"start":{"line":55,"column":8},"end":{"line":61,"column":14}},"19":{"start":{"line":58,"column":27},"end":{"line":58,"column":72}},"20":{"start":{"line":66,"column":2},"end":{"line":72,"column":4}}},"fnMap":{"0":{"name":"(anonymous_0)","decl":{"start":{"line":7,"column":26},"end":{"line":7,"column":27}},"loc":{"start":{"line":7,"column":32},"end":{"line":73,"column":1}},"line":7},"1":{"name":"(anonymous_1)","decl":{"start":{"line":12,"column":37},"end":{"line":12,"column":38}},"loc":{"start":{"line":12,"column":53},"end":{"line":14,"column":3}},"line":12},"2":{"name":"(anonymous_2)","decl":{"start":{"line":16,"column":27},"end":{"line":16,"column":28}},"loc":{"start":{"line":16,"column":39},"end":{"line":25,"column":3}},"line":16},"3":{"name":"(anonymous_3)","decl":{"start":{"line":27,"column":12},"end":{"line":27,"column":13}},"loc":{"start":{"line":27,"column":18},"end":{"line":29,"column":3}},"line":27},"4":{"name":"(anonymous_4)","decl":{"start":{"line":40,"column":14},"end":{"line":40,"column":15}},"loc":{"start":{"line":41,"column":8},"end":{"line":47,"column":14}},"line":41},"5":{"name":"(anonymous_5)","decl":{"start":{"line":54,"column":14},"end":{"line":54,"column":15}},"loc":{"start":{"line":55,"column":8},"end":{"line":61,"column":14}},"line":55},"6":{"name":"(anonymous_6)","decl":{"start":{"line":58,"column":21},"end":{"line":58,"column":22}},"loc":{"start":{"line":58,"column":27},"end":{"line":58,"column":72}},"line":58}},"branchMap":{"0":{"loc":{"start":{"line":31,"column":2},"end":{"line":33,"column":3}},"type":"if","locations":[{"start":{"line":31,"column":2},"end":{"line":33,"column":3}},{"start":{},"end":{}}],"line":31}},"s":{"0":1,"1":7,"2":6,"3":6,"4":6,"5":0,"6":6,"7":4,"8":4,"9":3,"10":2,"11":4,"12":6,"13":4,"14":6,"15":4,"16":2,"17":1,"18":1,"19":0,"20":2},"f":{"0":7,"1":0,"2":4,"3":4,"4":1,"5":1,"6":0},"b":{"0":[4,2]},"_coverageSchema":"1a1c01bbd47fc00a2c39e90264f33305004495a9","hash":"ec3573916f8a6e5e0cdada9c847926cf0584ef28"}
,"/home/somil.kaushik/blogs-ui/src/modules/blogs/Create.jsx": {"path":"/home/somil.kaushik/blogs-ui/src/modules/blogs/Create.jsx","statementMap":{"0":{"start":{"line":18,"column":21},"end":{"line":18,"column":26}},"1":{"start":{"line":20,"column":15},"end":{"line":265,"column":1}},"2":{"start":{"line":21,"column":17},"end":{"line":21,"column":28}},"3":{"start":{"line":22,"column":19},"end":{"line":22,"column":32}},"4":{"start":{"line":23,"column":17},"end":{"line":23,"column":35}},"5":{"start":{"line":25,"column":36},"end":{"line":44,"column":4}},"6":{"start":{"line":46,"column":2},"end":{"line":50,"column":11}},"7":{"start":{"line":47,"column":4},"end":{"line":49,"column":5}},"8":{"start":{"line":48,"column":6},"end":{"line":48,"column":18}},"9":{"start":{"line":52,"column":20},"end":{"line":96,"column":3}},"10":{"start":{"line":53,"column":4},"end":{"line":95,"column":5}},"11":{"start":{"line":54,"column":23},"end":{"line":54,"column":46}},"12":{"start":{"line":55,"column":23},"end":{"line":55,"column":41}},"13":{"start":{"line":56,"column":6},"end":{"line":56,"column":28}},"14":{"start":{"line":58,"column":6},"end":{"line":77,"column":9}},"15":{"start":{"line":79,"column":6},"end":{"line":92,"column":9}},"16":{"start":{"line":94,"column":6},"end":{"line":94,"column":51}},"17":{"start":{"line":98,"column":19},"end":{"line":125,"column":3}},"18":{"start":{"line":99,"column":29},"end":{"line":118,"column":5}},"19":{"start":{"line":120,"column":4},"end":{"line":124,"column":5}},"20":{"start":{"line":121,"column":6},"end":{"line":121,"column":34}},"21":{"start":{"line":123,"column":6},"end":{"line":123,"column":37}},"22":{"start":{"line":127,"column":20},"end":{"line":137,"column":3}},"23":{"start":{"line":128,"column":4},"end":{"line":136,"column":5}},"24":{"start":{"line":129,"column":6},"end":{"line":129,"column":37}},"25":{"start":{"line":130,"column":6},"end":{"line":130,"column":24}},"26":{"start":{"line":132,"column":6},"end":{"line":135,"column":7}},"27":{"start":{"line":133,"column":8},"end":{"line":133,"column":22}},"28":{"start":{"line":134,"column":8},"end":{"line":134,"column":45}},"29":{"start":{"line":139,"column":23},"end":{"line":150,"column":3}},"30":{"start":{"line":140,"column":4},"end":{"line":149,"column":5}},"31":{"start":{"line":141,"column":6},"end":{"line":141,"column":43}},"32":{"start":{"line":143,"column":6},"end":{"line":143,"column":24}},"33":{"start":{"line":145,"column":6},"end":{"line":148,"column":7}},"34":{"start":{"line":146,"column":8},"end":{"line":146,"column":45}},"35":{"start":{"line":147,"column":8},"end":{"line":147,"column":22}},"36":{"start":{"line":152,"column":18},"end":{"line":158,"column":3}},"37":{"start":{"line":160,"column":23},"end":{"line":163,"column":3}},"38":{"start":{"line":165,"column":2},"end":{"line":264,"column":4}}},"fnMap":{"0":{"name":"(anonymous_0)","decl":{"start":{"line":20,"column":15},"end":{"line":20,"column":16}},"loc":{"start":{"line":20,"column":21},"end":{"line":265,"column":1}},"line":20},"1":{"name":"(anonymous_1)","decl":{"start":{"line":46,"column":12},"end":{"line":46,"column":13}},"loc":{"start":{"line":46,"column":18},"end":{"line":50,"column":3}},"line":46},"2":{"name":"(anonymous_2)","decl":{"start":{"line":52,"column":20},"end":{"line":52,"column":21}},"loc":{"start":{"line":52,"column":32},"end":{"line":96,"column":3}},"line":52},"3":{"name":"(anonymous_3)","decl":{"start":{"line":98,"column":19},"end":{"line":98,"column":20}},"loc":{"start":{"line":98,"column":31},"end":{"line":125,"column":3}},"line":98},"4":{"name":"(anonymous_4)","decl":{"start":{"line":127,"column":20},"end":{"line":127,"column":21}},"loc":{"start":{"line":127,"column":44},"end":{"line":137,"column":3}},"line":127},"5":{"name":"(anonymous_5)","decl":{"start":{"line":139,"column":23},"end":{"line":139,"column":24}},"loc":{"start":{"line":139,"column":51},"end":{"line":150,"column":3}},"line":139}},"branchMap":{"0":{"loc":{"start":{"line":47,"column":4},"end":{"line":49,"column":5}},"type":"if","locations":[{"start":{"line":47,"column":4},"end":{"line":49,"column":5}},{"start":{},"end":{}}],"line":47},"1":{"loc":{"start":{"line":61,"column":23},"end":{"line":61,"column":55}},"type":"binary-expr","locations":[{"start":{"line":61,"column":23},"end":{"line":61,"column":49}},{"start":{"line":61,"column":53},"end":{"line":61,"column":55}}],"line":61},"2":{"loc":{"start":{"line":62,"column":17},"end":{"line":62,"column":43}},"type":"binary-expr","locations":[{"start":{"line":62,"column":17},"end":{"line":62,"column":37}},{"start":{"line":62,"column":41},"end":{"line":62,"column":43}}],"line":62},"3":{"loc":{"start":{"line":64,"column":15},"end":{"line":64,"column":35}},"type":"binary-expr","locations":[{"start":{"line":64,"column":15},"end":{"line":64,"column":29}},{"start":{"line":64,"column":33},"end":{"line":64,"column":35}}],"line":64},"4":{"loc":{"start":{"line":65,"column":18},"end":{"line":65,"column":52}},"type":"binary-expr","locations":[{"start":{"line":65,"column":18},"end":{"line":65,"column":46}},{"start":{"line":65,"column":50},"end":{"line":65,"column":52}}],"line":65},"5":{"loc":{"start":{"line":66,"column":18},"end":{"line":66,"column":41}},"type":"binary-expr","locations":[{"start":{"line":66,"column":18},"end":{"line":66,"column":35}},{"start":{"line":66,"column":39},"end":{"line":66,"column":41}}],"line":66},"6":{"loc":{"start":{"line":67,"column":20},"end":{"line":67,"column":45}},"type":"binary-expr","locations":[{"start":{"line":67,"column":20},"end":{"line":67,"column":39}},{"start":{"line":67,"column":43},"end":{"line":67,"column":45}}],"line":67},"7":{"loc":{"start":{"line":68,"column":21},"end":{"line":68,"column":58}},"type":"binary-expr","locations":[{"start":{"line":68,"column":21},"end":{"line":68,"column":52}},{"start":{"line":68,"column":56},"end":{"line":68,"column":58}}],"line":68},"8":{"loc":{"start":{"line":69,"column":14},"end":{"line":69,"column":33}},"type":"binary-expr","locations":[{"start":{"line":69,"column":14},"end":{"line":69,"column":27}},{"start":{"line":69,"column":31},"end":{"line":69,"column":33}}],"line":69},"9":{"loc":{"start":{"line":71,"column":14},"end":{"line":71,"column":38}},"type":"binary-expr","locations":[{"start":{"line":71,"column":14},"end":{"line":71,"column":32}},{"start":{"line":71,"column":36},"end":{"line":71,"column":38}}],"line":71},"10":{"loc":{"start":{"line":72,"column":16},"end":{"line":72,"column":42}},"type":"binary-expr","locations":[{"start":{"line":72,"column":16},"end":{"line":72,"column":36}},{"start":{"line":72,"column":40},"end":{"line":72,"column":42}}],"line":72},"11":{"loc":{"start":{"line":73,"column":17},"end":{"line":73,"column":44}},"type":"binary-expr","locations":[{"start":{"line":73,"column":17},"end":{"line":73,"column":38}},{"start":{"line":73,"column":42},"end":{"line":73,"column":44}}],"line":73},"12":{"loc":{"start":{"line":74,"column":22},"end":{"line":74,"column":54}},"type":"binary-expr","locations":[{"start":{"line":74,"column":22},"end":{"line":74,"column":48}},{"start":{"line":74,"column":52},"end":{"line":74,"column":54}}],"line":74},"13":{"loc":{"start":{"line":75,"column":23},"end":{"line":75,"column":56}},"type":"binary-expr","locations":[{"start":{"line":75,"column":23},"end":{"line":75,"column":50}},{"start":{"line":75,"column":54},"end":{"line":75,"column":56}}],"line":75},"14":{"loc":{"start":{"line":81,"column":14},"end":{"line":81,"column":46}},"type":"binary-expr","locations":[{"start":{"line":81,"column":14},"end":{"line":81,"column":40}},{"start":{"line":81,"column":44},"end":{"line":81,"column":46}}],"line":81},"15":{"loc":{"start":{"line":102,"column":21},"end":{"line":102,"column":38}},"type":"binary-expr","locations":[{"start":{"line":102,"column":21},"end":{"line":102,"column":32}},{"start":{"line":102,"column":36},"end":{"line":102,"column":38}}],"line":102},"16":{"loc":{"start":{"line":105,"column":16},"end":{"line":105,"column":37}},"type":"binary-expr","locations":[{"start":{"line":105,"column":16},"end":{"line":105,"column":31}},{"start":{"line":105,"column":35},"end":{"line":105,"column":37}}],"line":105},"17":{"loc":{"start":{"line":106,"column":18},"end":{"line":106,"column":41}},"type":"binary-expr","locations":[{"start":{"line":106,"column":18},"end":{"line":106,"column":35}},{"start":{"line":106,"column":39},"end":{"line":106,"column":41}}],"line":106},"18":{"loc":{"start":{"line":107,"column":13},"end":{"line":107,"column":31}},"type":"binary-expr","locations":[{"start":{"line":107,"column":13},"end":{"line":107,"column":25}},{"start":{"line":107,"column":29},"end":{"line":107,"column":31}}],"line":107},"19":{"loc":{"start":{"line":108,"column":16},"end":{"line":108,"column":37}},"type":"binary-expr","locations":[{"start":{"line":108,"column":16},"end":{"line":108,"column":31}},{"start":{"line":108,"column":35},"end":{"line":108,"column":37}}],"line":108},"20":{"loc":{"start":{"line":109,"column":19},"end":{"line":109,"column":43}},"type":"binary-expr","locations":[{"start":{"line":109,"column":19},"end":{"line":109,"column":37}},{"start":{"line":109,"column":41},"end":{"line":109,"column":43}}],"line":109},"21":{"loc":{"start":{"line":110,"column":12},"end":{"line":110,"column":29}},"type":"binary-expr","locations":[{"start":{"line":110,"column":12},"end":{"line":110,"column":23}},{"start":{"line":110,"column":27},"end":{"line":110,"column":29}}],"line":110},"22":{"loc":{"start":{"line":112,"column":12},"end":{"line":112,"column":33}},"type":"binary-expr","locations":[{"start":{"line":112,"column":12},"end":{"line":112,"column":27}},{"start":{"line":112,"column":31},"end":{"line":112,"column":33}}],"line":112},"23":{"loc":{"start":{"line":113,"column":14},"end":{"line":113,"column":37}},"type":"binary-expr","locations":[{"start":{"line":113,"column":14},"end":{"line":113,"column":31}},{"start":{"line":113,"column":35},"end":{"line":113,"column":37}}],"line":113},"24":{"loc":{"start":{"line":114,"column":15},"end":{"line":114,"column":39}},"type":"binary-expr","locations":[{"start":{"line":114,"column":15},"end":{"line":114,"column":33}},{"start":{"line":114,"column":37},"end":{"line":114,"column":39}}],"line":114},"25":{"loc":{"start":{"line":115,"column":20},"end":{"line":115,"column":46}},"type":"binary-expr","locations":[{"start":{"line":115,"column":20},"end":{"line":115,"column":40}},{"start":{"line":115,"column":44},"end":{"line":115,"column":46}}],"line":115},"26":{"loc":{"start":{"line":120,"column":4},"end":{"line":124,"column":5}},"type":"if","locations":[{"start":{"line":120,"column":4},"end":{"line":124,"column":5}},{"start":{"line":122,"column":11},"end":{"line":124,"column":5}}],"line":120},"27":{"loc":{"start":{"line":132,"column":6},"end":{"line":135,"column":7}},"type":"if","locations":[{"start":{"line":132,"column":6},"end":{"line":135,"column":7}},{"start":{},"end":{}}],"line":132},"28":{"loc":{"start":{"line":145,"column":6},"end":{"line":148,"column":7}},"type":"if","locations":[{"start":{"line":145,"column":6},"end":{"line":148,"column":7}},{"start":{},"end":{}}],"line":145},"29":{"loc":{"start":{"line":168,"column":9},"end":{"line":168,"column":51}},"type":"cond-expr","locations":[{"start":{"line":168,"column":27},"end":{"line":168,"column":38}},{"start":{"line":168,"column":41},"end":{"line":168,"column":51}}],"line":168}},"s":{"0":2,"1":2,"2":9,"3":9,"4":9,"5":9,"6":9,"7":1,"8":1,"9":9,"10":1,"11":1,"12":1,"13":1,"14":1,"15":1,"16":0,"17":9,"18":1,"19":1,"20":0,"21":1,"22":9,"23":0,"24":0,"25":0,"26":0,"27":0,"28":0,"29":9,"30":1,"31":1,"32":0,"33":1,"34":1,"35":1,"36":9,"37":9,"38":9},"f":{"0":9,"1":1,"2":1,"3":1,"4":0,"5":1},"b":{"0":[1,0],"1":[1,0],"2":[1,0],"3":[1,0],"4":[1,0],"5":[1,0],"6":[1,0],"7":[1,0],"8":[1,0],"9":[1,0],"10":[1,0],"11":[1,0],"12":[1,0],"13":[1,1],"14":[1,0],"15":[1,0],"16":[1,0],"17":[1,0],"18":[1,0],"19":[1,0],"20":[1,0],"21":[1,0],"22":[1,0],"23":[1,0],"24":[1,0],"25":[1,0],"26":[0,1],"27":[0,0],"28":[1,0],"29":[7,2]},"_coverageSchema":"1a1c01bbd47fc00a2c39e90264f33305004495a9","hash":"cb113f906b3287c912b3f08f5634865e2dd58283"}
,"/home/somil.kaushik/blogs-ui/src/modules/blogs/DetailedView.jsx": {"path":"/home/somil.kaushik/blogs-ui/src/modules/blogs/DetailedView.jsx","statementMap":{"0":{"start":{"line":8,"column":21},"end":{"line":97,"column":1}},"1":{"start":{"line":9,"column":17},"end":{"line":9,"column":28}},"2":{"start":{"line":10,"column":26},"end":{"line":10,"column":38}},"3":{"start":{"line":11,"column":19},"end":{"line":11,"column":32}},"4":{"start":{"line":13,"column":18},"end":{"line":20,"column":3}},"5":{"start":{"line":14,"column":4},"end":{"line":19,"column":5}},"6":{"start":{"line":15,"column":18},"end":{"line":15,"column":38}},"7":{"start":{"line":16,"column":6},"end":{"line":16,"column":31}},"8":{"start":{"line":18,"column":6},"end":{"line":18,"column":25}},"9":{"start":{"line":21,"column":2},"end":{"line":23,"column":9}},"10":{"start":{"line":22,"column":4},"end":{"line":22,"column":14}},"11":{"start":{"line":25,"column":2},"end":{"line":96,"column":4}}},"fnMap":{"0":{"name":"(anonymous_0)","decl":{"start":{"line":8,"column":21},"end":{"line":8,"column":22}},"loc":{"start":{"line":8,"column":27},"end":{"line":97,"column":1}},"line":8},"1":{"name":"(anonymous_1)","decl":{"start":{"line":13,"column":18},"end":{"line":13,"column":19}},"loc":{"start":{"line":13,"column":30},"end":{"line":20,"column":3}},"line":13},"2":{"name":"(anonymous_2)","decl":{"start":{"line":21,"column":12},"end":{"line":21,"column":13}},"loc":{"start":{"line":21,"column":18},"end":{"line":23,"column":3}},"line":21}},"branchMap":{"0":{"loc":{"start":{"line":41,"column":15},"end":{"line":41,"column":51}},"type":"cond-expr","locations":[{"start":{"line":41,"column":35},"end":{"line":41,"column":41}},{"start":{"line":41,"column":44},"end":{"line":41,"column":51}}],"line":41},"1":{"loc":{"start":{"line":45,"column":15},"end":{"line":45,"column":48}},"type":"cond-expr","locations":[{"start":{"line":45,"column":32},"end":{"line":45,"column":38}},{"start":{"line":45,"column":41},"end":{"line":45,"column":48}}],"line":45}},"s":{"0":1,"1":3,"2":2,"3":2,"4":2,"5":2,"6":2,"7":1,"8":1,"9":2,"10":2,"11":2},"f":{"0":3,"1":2,"2":2},"b":{"0":[0,2],"1":[0,2]},"_coverageSchema":"1a1c01bbd47fc00a2c39e90264f33305004495a9","hash":"95c12b3ae0f05f61612f19437d0ef75058996b83"}
,"/home/somil.kaushik/blogs-ui/src/modules/blogs/NotFound.jsx": {"path":"/home/somil.kaushik/blogs-ui/src/modules/blogs/NotFound.jsx","statementMap":{"0":{"start":{"line":4,"column":17},"end":{"line":14,"column":1}},"1":{"start":{"line":5,"column":2},"end":{"line":13,"column":4}}},"fnMap":{"0":{"name":"(anonymous_0)","decl":{"start":{"line":4,"column":17},"end":{"line":4,"column":18}},"loc":{"start":{"line":4,"column":23},"end":{"line":14,"column":1}},"line":4}},"branchMap":{},"s":{"0":1,"1":2},"f":{"0":2},"b":{},"_coverageSchema":"1a1c01bbd47fc00a2c39e90264f33305004495a9","hash":"658919c2aacca821c19c64fd5c4ab36974318154"}
,"/home/somil.kaushik/blogs-ui/src/modules/blogs/View.jsx": {"path":"/home/somil.kaushik/blogs-ui/src/modules/blogs/View.jsx","statementMap":{"0":{"start":{"line":13,"column":13},"end":{"line":293,"column":1}},"1":{"start":{"line":14,"column":26},"end":{"line":14,"column":38}},"2":{"start":{"line":15,"column":40},"end":{"line":15,"column":55}},"3":{"start":{"line":16,"column":30},"end":{"line":16,"column":42}},"4":{"start":{"line":17,"column":32},"end":{"line":17,"column":47}},"5":{"start":{"line":19,"column":26},"end":{"line":19,"column":37}},"6":{"start":{"line":20,"column":16},"end":{"line":20,"column":17}},"7":{"start":{"line":22,"column":40},"end":{"line":22,"column":55}},"8":{"start":{"line":24,"column":24},"end":{"line":24,"column":36}},"9":{"start":{"line":25,"column":19},"end":{"line":25,"column":32}},"10":{"start":{"line":27,"column":23},"end":{"line":30,"column":3}},"11":{"start":{"line":28,"column":4},"end":{"line":28,"column":25}},"12":{"start":{"line":29,"column":4},"end":{"line":29,"column":15}},"13":{"start":{"line":32,"column":23},"end":{"line":36,"column":3}},"14":{"start":{"line":33,"column":4},"end":{"line":35,"column":5}},"15":{"start":{"line":34,"column":6},"end":{"line":34,"column":19}},"16":{"start":{"line":38,"column":19},"end":{"line":47,"column":3}},"17":{"start":{"line":39,"column":4},"end":{"line":46,"column":5}},"18":{"start":{"line":40,"column":6},"end":{"line":40,"column":28}},"19":{"start":{"line":42,"column":6},"end":{"line":45,"column":7}},"20":{"start":{"line":43,"column":8},"end":{"line":43,"column":45}},"21":{"start":{"line":44,"column":8},"end":{"line":44,"column":22}},"22":{"start":{"line":49,"column":19},"end":{"line":53,"column":3}},"23":{"start":{"line":50,"column":4},"end":{"line":50,"column":18}},"24":{"start":{"line":51,"column":4},"end":{"line":51,"column":26}},"25":{"start":{"line":52,"column":4},"end":{"line":52,"column":71}},"26":{"start":{"line":52,"column":26},"end":{"line":52,"column":69}},"27":{"start":{"line":52,"column":52},"end":{"line":52,"column":68}},"28":{"start":{"line":55,"column":23},"end":{"line":57,"column":3}},"29":{"start":{"line":56,"column":4},"end":{"line":56,"column":26}},"30":{"start":{"line":59,"column":21},"end":{"line":61,"column":3}},"31":{"start":{"line":60,"column":4},"end":{"line":60,"column":31}},"32":{"start":{"line":62,"column":21},"end":{"line":64,"column":3}},"33":{"start":{"line":63,"column":4},"end":{"line":63,"column":32}},"34":{"start":{"line":66,"column":18},"end":{"line":71,"column":3}},"35":{"start":{"line":67,"column":4},"end":{"line":67,"column":21}},"36":{"start":{"line":68,"column":21},"end":{"line":68,"column":48}},"37":{"start":{"line":69,"column":4},"end":{"line":69,"column":23}},"38":{"start":{"line":70,"column":4},"end":{"line":70,"column":22}},"39":{"start":{"line":73,"column":21},"end":{"line":83,"column":3}},"40":{"start":{"line":74,"column":4},"end":{"line":74,"column":21}},"41":{"start":{"line":75,"column":4},"end":{"line":82,"column":5}},"42":{"start":{"line":76,"column":23},"end":{"line":76,"column":66}},"43":{"start":{"line":77,"column":6},"end":{"line":77,"column":25}},"44":{"start":{"line":79,"column":6},"end":{"line":79,"column":25}},"45":{"start":{"line":81,"column":6},"end":{"line":81,"column":24}},"46":{"start":{"line":85,"column":21},"end":{"line":88,"column":3}},"47":{"start":{"line":86,"column":21},"end":{"line":86,"column":69}},"48":{"start":{"line":87,"column":4},"end":{"line":87,"column":23}},"49":{"start":{"line":90,"column":23},"end":{"line":97,"column":3}},"50":{"start":{"line":91,"column":4},"end":{"line":91,"column":21}},"51":{"start":{"line":92,"column":4},"end":{"line":94,"column":5}},"52":{"start":{"line":93,"column":6},"end":{"line":93,"column":25}},"53":{"start":{"line":95,"column":4},"end":{"line":95,"column":25}},"54":{"start":{"line":96,"column":4},"end":{"line":96,"column":22}},"55":{"start":{"line":99,"column":2},"end":{"line":105,"column":20}},"56":{"start":{"line":100,"column":4},"end":{"line":104,"column":5}},"57":{"start":{"line":101,"column":6},"end":{"line":101,"column":19}},"58":{"start":{"line":102,"column":11},"end":{"line":104,"column":5}},"59":{"start":{"line":103,"column":6},"end":{"line":103,"column":16}},"60":{"start":{"line":107,"column":2},"end":{"line":114,"column":13}},"61":{"start":{"line":108,"column":4},"end":{"line":113,"column":5}},"62":{"start":{"line":108,"column":42},"end":{"line":108,"column":52}},"63":{"start":{"line":109,"column":9},"end":{"line":113,"column":5}},"64":{"start":{"line":110,"column":6},"end":{"line":110,"column":19}},"65":{"start":{"line":111,"column":11},"end":{"line":113,"column":5}},"66":{"start":{"line":112,"column":6},"end":{"line":112,"column":19}},"67":{"start":{"line":116,"column":2},"end":{"line":124,"column":3}},"68":{"start":{"line":117,"column":4},"end":{"line":123,"column":6}},"69":{"start":{"line":126,"column":25},"end":{"line":128,"column":3}},"70":{"start":{"line":127,"column":4},"end":{"line":127,"column":54}},"71":{"start":{"line":127,"column":23},"end":{"line":127,"column":51}},"72":{"start":{"line":130,"column":21},"end":{"line":132,"column":3}},"73":{"start":{"line":131,"column":4},"end":{"line":131,"column":32}},"74":{"start":{"line":131,"column":22},"end":{"line":131,"column":30}},"75":{"start":{"line":134,"column":23},"end":{"line":136,"column":3}},"76":{"start":{"line":135,"column":4},"end":{"line":135,"column":31}},"77":{"start":{"line":138,"column":30},"end":{"line":142,"column":3}},"78":{"start":{"line":139,"column":4},"end":{"line":141,"column":5}},"79":{"start":{"line":140,"column":6},"end":{"line":140,"column":19}},"80":{"start":{"line":144,"column":2},"end":{"line":292,"column":4}},"81":{"start":{"line":171,"column":27},"end":{"line":171,"column":52}},"82":{"start":{"line":203,"column":12},"end":{"line":203,"column":43}},"83":{"start":{"line":204,"column":12},"end":{"line":204,"column":27}},"84":{"start":{"line":244,"column":10},"end":{"line":280,"column":21}},"85":{"start":{"line":264,"column":29},"end":{"line":264,"column":50}},"86":{"start":{"line":270,"column":29},"end":{"line":270,"column":49}},"87":{"start":{"line":277,"column":29},"end":{"line":277,"column":52}}},"fnMap":{"0":{"name":"(anonymous_0)","decl":{"start":{"line":13,"column":13},"end":{"line":13,"column":14}},"loc":{"start":{"line":13,"column":19},"end":{"line":293,"column":1}},"line":13},"1":{"name":"(anonymous_1)","decl":{"start":{"line":27,"column":23},"end":{"line":27,"column":24}},"loc":{"start":{"line":27,"column":31},"end":{"line":30,"column":3}},"line":27},"2":{"name":"(anonymous_2)","decl":{"start":{"line":32,"column":23},"end":{"line":32,"column":24}},"loc":{"start":{"line":32,"column":29},"end":{"line":36,"column":3}},"line":32},"3":{"name":"(anonymous_3)","decl":{"start":{"line":38,"column":19},"end":{"line":38,"column":20}},"loc":{"start":{"line":38,"column":34},"end":{"line":47,"column":3}},"line":38},"4":{"name":"(anonymous_4)","decl":{"start":{"line":49,"column":19},"end":{"line":49,"column":20}},"loc":{"start":{"line":49,"column":25},"end":{"line":53,"column":3}},"line":49},"5":{"name":"(anonymous_5)","decl":{"start":{"line":52,"column":12},"end":{"line":52,"column":13}},"loc":{"start":{"line":52,"column":26},"end":{"line":52,"column":69}},"line":52},"6":{"name":"(anonymous_6)","decl":{"start":{"line":52,"column":42},"end":{"line":52,"column":43}},"loc":{"start":{"line":52,"column":52},"end":{"line":52,"column":68}},"line":52},"7":{"name":"(anonymous_7)","decl":{"start":{"line":55,"column":23},"end":{"line":55,"column":24}},"loc":{"start":{"line":55,"column":29},"end":{"line":57,"column":3}},"line":55},"8":{"name":"(anonymous_8)","decl":{"start":{"line":59,"column":21},"end":{"line":59,"column":22}},"loc":{"start":{"line":59,"column":36},"end":{"line":61,"column":3}},"line":59},"9":{"name":"(anonymous_9)","decl":{"start":{"line":62,"column":21},"end":{"line":62,"column":22}},"loc":{"start":{"line":62,"column":36},"end":{"line":64,"column":3}},"line":62},"10":{"name":"(anonymous_10)","decl":{"start":{"line":66,"column":18},"end":{"line":66,"column":19}},"loc":{"start":{"line":66,"column":30},"end":{"line":71,"column":3}},"line":66},"11":{"name":"(anonymous_11)","decl":{"start":{"line":73,"column":21},"end":{"line":73,"column":22}},"loc":{"start":{"line":73,"column":33},"end":{"line":83,"column":3}},"line":73},"12":{"name":"(anonymous_12)","decl":{"start":{"line":85,"column":21},"end":{"line":85,"column":22}},"loc":{"start":{"line":85,"column":33},"end":{"line":88,"column":3}},"line":85},"13":{"name":"(anonymous_13)","decl":{"start":{"line":90,"column":23},"end":{"line":90,"column":24}},"loc":{"start":{"line":90,"column":35},"end":{"line":97,"column":3}},"line":90},"14":{"name":"(anonymous_14)","decl":{"start":{"line":99,"column":12},"end":{"line":99,"column":13}},"loc":{"start":{"line":99,"column":18},"end":{"line":105,"column":3}},"line":99},"15":{"name":"(anonymous_15)","decl":{"start":{"line":107,"column":12},"end":{"line":107,"column":13}},"loc":{"start":{"line":107,"column":18},"end":{"line":114,"column":3}},"line":107},"16":{"name":"(anonymous_16)","decl":{"start":{"line":126,"column":25},"end":{"line":126,"column":26}},"loc":{"start":{"line":126,"column":31},"end":{"line":128,"column":3}},"line":126},"17":{"name":"(anonymous_17)","decl":{"start":{"line":127,"column":12},"end":{"line":127,"column":13}},"loc":{"start":{"line":127,"column":23},"end":{"line":127,"column":51}},"line":127},"18":{"name":"(anonymous_18)","decl":{"start":{"line":130,"column":21},"end":{"line":130,"column":22}},"loc":{"start":{"line":130,"column":27},"end":{"line":132,"column":3}},"line":130},"19":{"name":"(anonymous_19)","decl":{"start":{"line":131,"column":12},"end":{"line":131,"column":13}},"loc":{"start":{"line":131,"column":22},"end":{"line":131,"column":30}},"line":131},"20":{"name":"(anonymous_20)","decl":{"start":{"line":134,"column":23},"end":{"line":134,"column":24}},"loc":{"start":{"line":134,"column":29},"end":{"line":136,"column":3}},"line":134},"21":{"name":"(anonymous_21)","decl":{"start":{"line":138,"column":30},"end":{"line":138,"column":31}},"loc":{"start":{"line":138,"column":43},"end":{"line":142,"column":3}},"line":138},"22":{"name":"(anonymous_22)","decl":{"start":{"line":171,"column":20},"end":{"line":171,"column":21}},"loc":{"start":{"line":171,"column":27},"end":{"line":171,"column":52}},"line":171},"23":{"name":"(anonymous_23)","decl":{"start":{"line":202,"column":20},"end":{"line":202,"column":21}},"loc":{"start":{"line":202,"column":27},"end":{"line":205,"column":11}},"line":202},"24":{"name":"(anonymous_24)","decl":{"start":{"line":243,"column":20},"end":{"line":243,"column":21}},"loc":{"start":{"line":244,"column":10},"end":{"line":280,"column":21}},"line":244},"25":{"name":"(anonymous_25)","decl":{"start":{"line":264,"column":23},"end":{"line":264,"column":24}},"loc":{"start":{"line":264,"column":29},"end":{"line":264,"column":50}},"line":264},"26":{"name":"(anonymous_26)","decl":{"start":{"line":270,"column":23},"end":{"line":270,"column":24}},"loc":{"start":{"line":270,"column":29},"end":{"line":270,"column":49}},"line":270},"27":{"name":"(anonymous_27)","decl":{"start":{"line":277,"column":23},"end":{"line":277,"column":24}},"loc":{"start":{"line":277,"column":29},"end":{"line":277,"column":52}},"line":277}},"branchMap":{"0":{"loc":{"start":{"line":33,"column":4},"end":{"line":35,"column":5}},"type":"if","locations":[{"start":{"line":33,"column":4},"end":{"line":35,"column":5}},{"start":{},"end":{}}],"line":33},"1":{"loc":{"start":{"line":42,"column":6},"end":{"line":45,"column":7}},"type":"if","locations":[{"start":{"line":42,"column":6},"end":{"line":45,"column":7}},{"start":{},"end":{}}],"line":42},"2":{"loc":{"start":{"line":92,"column":4},"end":{"line":94,"column":5}},"type":"if","locations":[{"start":{"line":92,"column":4},"end":{"line":94,"column":5}},{"start":{},"end":{}}],"line":92},"3":{"loc":{"start":{"line":100,"column":4},"end":{"line":104,"column":5}},"type":"if","locations":[{"start":{"line":100,"column":4},"end":{"line":104,"column":5}},{"start":{"line":102,"column":11},"end":{"line":104,"column":5}}],"line":100},"4":{"loc":{"start":{"line":102,"column":11},"end":{"line":104,"column":5}},"type":"if","locations":[{"start":{"line":102,"column":11},"end":{"line":104,"column":5}},{"start":{},"end":{}}],"line":102},"5":{"loc":{"start":{"line":108,"column":4},"end":{"line":113,"column":5}},"type":"if","locations":[{"start":{"line":108,"column":4},"end":{"line":113,"column":5}},{"start":{"line":109,"column":9},"end":{"line":113,"column":5}}],"line":108},"6":{"loc":{"start":{"line":108,"column":8},"end":{"line":108,"column":40}},"type":"binary-expr","locations":[{"start":{"line":108,"column":8},"end":{"line":108,"column":15}},{"start":{"line":108,"column":19},"end":{"line":108,"column":40}}],"line":108},"7":{"loc":{"start":{"line":109,"column":9},"end":{"line":113,"column":5}},"type":"if","locations":[{"start":{"line":109,"column":9},"end":{"line":113,"column":5}},{"start":{"line":111,"column":11},"end":{"line":113,"column":5}}],"line":109},"8":{"loc":{"start":{"line":111,"column":11},"end":{"line":113,"column":5}},"type":"if","locations":[{"start":{"line":111,"column":11},"end":{"line":113,"column":5}},{"start":{},"end":{}}],"line":111},"9":{"loc":{"start":{"line":116,"column":2},"end":{"line":124,"column":3}},"type":"if","locations":[{"start":{"line":116,"column":2},"end":{"line":124,"column":3}},{"start":{},"end":{}}],"line":116},"10":{"loc":{"start":{"line":127,"column":23},"end":{"line":127,"column":51}},"type":"cond-expr","locations":[{"start":{"line":127,"column":36},"end":{"line":127,"column":40}},{"start":{"line":127,"column":43},"end":{"line":127,"column":51}}],"line":127},"11":{"loc":{"start":{"line":139,"column":4},"end":{"line":141,"column":5}},"type":"if","locations":[{"start":{"line":139,"column":4},"end":{"line":141,"column":5}},{"start":{},"end":{}}],"line":139},"12":{"loc":{"start":{"line":236,"column":7},"end":{"line":236,"column":54}},"type":"cond-expr","locations":[{"start":{"line":236,"column":17},"end":{"line":236,"column":47}},{"start":{"line":236,"column":50},"end":{"line":236,"column":54}}],"line":236}},"s":{"0":1,"1":22,"2":22,"3":22,"4":22,"5":22,"6":22,"7":22,"8":22,"9":22,"10":22,"11":1,"12":1,"13":22,"14":1,"15":1,"16":22,"17":1,"18":1,"19":1,"20":0,"21":0,"22":22,"23":1,"24":1,"25":1,"26":1,"27":1,"28":22,"29":0,"30":22,"31":0,"32":22,"33":1,"34":22,"35":8,"36":8,"37":5,"38":5,"39":22,"40":1,"41":1,"42":1,"43":1,"44":0,"45":1,"46":22,"47":0,"48":0,"49":22,"50":0,"51":0,"52":0,"53":0,"54":0,"55":22,"56":4,"57":0,"58":4,"59":4,"60":22,"61":4,"62":4,"63":0,"64":0,"65":0,"66":0,"67":22,"68":9,"69":13,"70":0,"71":0,"72":13,"73":0,"74":0,"75":13,"76":1,"77":13,"78":6,"79":0,"80":13,"81":6,"82":0,"83":0,"84":53,"85":1,"86":0,"87":1},"f":{"0":22,"1":1,"2":1,"3":1,"4":1,"5":1,"6":1,"7":0,"8":0,"9":1,"10":8,"11":1,"12":0,"13":0,"14":4,"15":4,"16":0,"17":0,"18":0,"19":0,"20":1,"21":6,"22":6,"23":0,"24":53,"25":1,"26":0,"27":1},"b":{"0":[1,0],"1":[0,1],"2":[0,0],"3":[0,4],"4":[4,0],"5":[4,0],"6":[4,4],"7":[0,0],"8":[0,0],"9":[9,13],"10":[0,0],"11":[0,6],"12":[1,12]},"_coverageSchema":"1a1c01bbd47fc00a2c39e90264f33305004495a9","hash":"3bbdd8b05a12a12e12346d08e5c092a8b3536c7d"}
,"/home/somil.kaushik/blogs-ui/src/modules/blogs/index.js": {"path":"/home/somil.kaushik/blogs-ui/src/modules/blogs/index.js","statementMap":{"0":{"start":{"line":2,"column":15},"end":{"line":2,"column":45}},"1":{"start":{"line":2,"column":26},"end":{"line":2,"column":44}},"2":{"start":{"line":3,"column":26},"end":{"line":3,"column":67}},"3":{"start":{"line":3,"column":37},"end":{"line":3,"column":66}},"4":{"start":{"line":4,"column":21},"end":{"line":4,"column":57}},"5":{"start":{"line":4,"column":32},"end":{"line":4,"column":56}},"6":{"start":{"line":5,"column":19},"end":{"line":5,"column":53}},"7":{"start":{"line":5,"column":30},"end":{"line":5,"column":52}},"8":{"start":{"line":6,"column":17},"end":{"line":6,"column":49}},"9":{"start":{"line":6,"column":28},"end":{"line":6,"column":48}},"10":{"start":{"line":7,"column":24},"end":{"line":7,"column":63}},"11":{"start":{"line":7,"column":35},"end":{"line":7,"column":62}},"12":{"start":{"line":9,"column":13},"end":{"line":9,"column":41}},"13":{"start":{"line":9,"column":24},"end":{"line":9,"column":40}}},"fnMap":{"0":{"name":"(anonymous_0)","decl":{"start":{"line":2,"column":20},"end":{"line":2,"column":21}},"loc":{"start":{"line":2,"column":26},"end":{"line":2,"column":44}},"line":2},"1":{"name":"(anonymous_1)","decl":{"start":{"line":3,"column":31},"end":{"line":3,"column":32}},"loc":{"start":{"line":3,"column":37},"end":{"line":3,"column":66}},"line":3},"2":{"name":"(anonymous_2)","decl":{"start":{"line":4,"column":26},"end":{"line":4,"column":27}},"loc":{"start":{"line":4,"column":32},"end":{"line":4,"column":56}},"line":4},"3":{"name":"(anonymous_3)","decl":{"start":{"line":5,"column":24},"end":{"line":5,"column":25}},"loc":{"start":{"line":5,"column":30},"end":{"line":5,"column":52}},"line":5},"4":{"name":"(anonymous_4)","decl":{"start":{"line":6,"column":22},"end":{"line":6,"column":23}},"loc":{"start":{"line":6,"column":28},"end":{"line":6,"column":48}},"line":6},"5":{"name":"(anonymous_5)","decl":{"start":{"line":7,"column":29},"end":{"line":7,"column":30}},"loc":{"start":{"line":7,"column":35},"end":{"line":7,"column":62}},"line":7},"6":{"name":"(anonymous_6)","decl":{"start":{"line":9,"column":18},"end":{"line":9,"column":19}},"loc":{"start":{"line":9,"column":24},"end":{"line":9,"column":40}},"line":9}},"branchMap":{},"s":{"0":2,"1":0,"2":2,"3":0,"4":2,"5":0,"6":2,"7":0,"8":2,"9":0,"10":2,"11":0,"12":2,"13":0},"f":{"0":0,"1":0,"2":0,"3":0,"4":0,"5":0,"6":0},"b":{},"_coverageSchema":"1a1c01bbd47fc00a2c39e90264f33305004495a9","hash":"249008d682ecb298fa6f920d2b6876216b793334"}
,"/home/somil.kaushik/blogs-ui/src/modules/blogs/service.js": {"path":"/home/somil.kaushik/blogs-ui/src/modules/blogs/service.js","statementMap":{"0":{"start":{"line":4,"column":17},"end":{"line":14,"column":1}},"1":{"start":{"line":5,"column":2},"end":{"line":13,"column":4}},"2":{"start":{"line":16,"column":25},"end":{"line":20,"column":1}},"3":{"start":{"line":17,"column":2},"end":{"line":19,"column":4}},"4":{"start":{"line":22,"column":25},"end":{"line":26,"column":1}},"5":{"start":{"line":23,"column":2},"end":{"line":25,"column":4}},"6":{"start":{"line":28,"column":25},"end":{"line":30,"column":1}},"7":{"start":{"line":29,"column":2},"end":{"line":29,"column":74}},"8":{"start":{"line":32,"column":20},"end":{"line":34,"column":1}},"9":{"start":{"line":33,"column":2},"end":{"line":33,"column":58}},"10":{"start":{"line":36,"column":19},"end":{"line":43,"column":1}},"11":{"start":{"line":37,"column":2},"end":{"line":42,"column":5}},"12":{"start":{"line":45,"column":19},"end":{"line":51,"column":1}},"13":{"start":{"line":46,"column":2},"end":{"line":50,"column":5}},"14":{"start":{"line":53,"column":22},"end":{"line":55,"column":1}},"15":{"start":{"line":54,"column":2},"end":{"line":54,"column":54}},"16":{"start":{"line":57,"column":17},"end":{"line":63,"column":1}},"17":{"start":{"line":58,"column":2},"end":{"line":62,"column":5}},"18":{"start":{"line":65,"column":19},"end":{"line":71,"column":1}},"19":{"start":{"line":66,"column":2},"end":{"line":70,"column":5}},"20":{"start":{"line":73,"column":19},"end":{"line":75,"column":1}},"21":{"start":{"line":74,"column":2},"end":{"line":74,"column":54}}},"fnMap":{"0":{"name":"(anonymous_0)","decl":{"start":{"line":4,"column":17},"end":{"line":4,"column":18}},"loc":{"start":{"line":4,"column":40},"end":{"line":14,"column":1}},"line":4},"1":{"name":"(anonymous_1)","decl":{"start":{"line":16,"column":25},"end":{"line":16,"column":26}},"loc":{"start":{"line":16,"column":56},"end":{"line":20,"column":1}},"line":16},"2":{"name":"(anonymous_2)","decl":{"start":{"line":22,"column":25},"end":{"line":22,"column":26}},"loc":{"start":{"line":22,"column":61},"end":{"line":26,"column":1}},"line":22},"3":{"name":"(anonymous_3)","decl":{"start":{"line":28,"column":25},"end":{"line":28,"column":26}},"loc":{"start":{"line":28,"column":47},"end":{"line":30,"column":1}},"line":28},"4":{"name":"(anonymous_4)","decl":{"start":{"line":32,"column":20},"end":{"line":32,"column":21}},"loc":{"start":{"line":32,"column":32},"end":{"line":34,"column":1}},"line":32},"5":{"name":"(anonymous_5)","decl":{"start":{"line":36,"column":19},"end":{"line":36,"column":20}},"loc":{"start":{"line":36,"column":39},"end":{"line":43,"column":1}},"line":36},"6":{"name":"(anonymous_6)","decl":{"start":{"line":45,"column":19},"end":{"line":45,"column":20}},"loc":{"start":{"line":45,"column":34},"end":{"line":51,"column":1}},"line":45},"7":{"name":"(anonymous_7)","decl":{"start":{"line":53,"column":22},"end":{"line":53,"column":23}},"loc":{"start":{"line":53,"column":36},"end":{"line":55,"column":1}},"line":53},"8":{"name":"(anonymous_8)","decl":{"start":{"line":57,"column":17},"end":{"line":57,"column":18}},"loc":{"start":{"line":57,"column":49},"end":{"line":63,"column":1}},"line":57},"9":{"name":"(anonymous_9)","decl":{"start":{"line":65,"column":19},"end":{"line":65,"column":20}},"loc":{"start":{"line":65,"column":43},"end":{"line":71,"column":1}},"line":65},"10":{"name":"(anonymous_10)","decl":{"start":{"line":73,"column":19},"end":{"line":73,"column":20}},"loc":{"start":{"line":73,"column":33},"end":{"line":75,"column":1}},"line":73}},"branchMap":{},"s":{"0":7,"1":8,"2":7,"3":1,"4":7,"5":0,"6":7,"7":3,"8":7,"9":4,"10":7,"11":1,"12":7,"13":1,"14":7,"15":1,"16":7,"17":1,"18":7,"19":0,"20":7,"21":2},"f":{"0":8,"1":1,"2":0,"3":3,"4":4,"5":1,"6":1,"7":1,"8":1,"9":0,"10":2},"b":{},"_coverageSchema":"1a1c01bbd47fc00a2c39e90264f33305004495a9","hash":"d035c451aa15522db671c191d6ec70ca7d30a999"}
,"/home/somil.kaushik/blogs-ui/src/modules/user/Login.jsx": {"path":"/home/somil.kaushik/blogs-ui/src/modules/user/Login.jsx","statementMap":{"0":{"start":{"line":16,"column":14},"end":{"line":177,"column":1}},"1":{"start":{"line":17,"column":32},"end":{"line":17,"column":49}},"2":{"start":{"line":19,"column":19},"end":{"line":19,"column":32}},"3":{"start":{"line":21,"column":22},"end":{"line":38,"column":3}},"4":{"start":{"line":22,"column":4},"end":{"line":37,"column":5}},"5":{"start":{"line":23,"column":6},"end":{"line":23,"column":37}},"6":{"start":{"line":25,"column":18},"end":{"line":25,"column":37}},"7":{"start":{"line":27,"column":6},"end":{"line":34,"column":7}},"8":{"start":{"line":28,"column":8},"end":{"line":28,"column":63}},"9":{"start":{"line":29,"column":8},"end":{"line":29,"column":43}},"10":{"start":{"line":31,"column":8},"end":{"line":31,"column":26}},"11":{"start":{"line":33,"column":8},"end":{"line":33,"column":40}},"12":{"start":{"line":36,"column":6},"end":{"line":36,"column":35}},"13":{"start":{"line":40,"column":25},"end":{"line":52,"column":3}},"14":{"start":{"line":41,"column":4},"end":{"line":51,"column":5}},"15":{"start":{"line":42,"column":18},"end":{"line":42,"column":40}},"16":{"start":{"line":44,"column":6},"end":{"line":48,"column":7}},"17":{"start":{"line":45,"column":8},"end":{"line":45,"column":49}},"18":{"start":{"line":47,"column":8},"end":{"line":47,"column":43}},"19":{"start":{"line":50,"column":6},"end":{"line":50,"column":38}},"20":{"start":{"line":54,"column":2},"end":{"line":176,"column":4}},"21":{"start":{"line":109,"column":31},"end":{"line":109,"column":53}},"22":{"start":{"line":168,"column":31},"end":{"line":168,"column":50}}},"fnMap":{"0":{"name":"(anonymous_0)","decl":{"start":{"line":16,"column":14},"end":{"line":16,"column":15}},"loc":{"start":{"line":16,"column":20},"end":{"line":177,"column":1}},"line":16},"1":{"name":"(anonymous_1)","decl":{"start":{"line":21,"column":22},"end":{"line":21,"column":23}},"loc":{"start":{"line":21,"column":40},"end":{"line":38,"column":3}},"line":21},"2":{"name":"(anonymous_2)","decl":{"start":{"line":40,"column":25},"end":{"line":40,"column":26}},"loc":{"start":{"line":40,"column":43},"end":{"line":52,"column":3}},"line":40},"3":{"name":"(anonymous_3)","decl":{"start":{"line":109,"column":25},"end":{"line":109,"column":26}},"loc":{"start":{"line":109,"column":31},"end":{"line":109,"column":53}},"line":109},"4":{"name":"(anonymous_4)","decl":{"start":{"line":168,"column":25},"end":{"line":168,"column":26}},"loc":{"start":{"line":168,"column":31},"end":{"line":168,"column":50}},"line":168}},"branchMap":{"0":{"loc":{"start":{"line":27,"column":6},"end":{"line":34,"column":7}},"type":"if","locations":[{"start":{"line":27,"column":6},"end":{"line":34,"column":7}},{"start":{"line":32,"column":13},"end":{"line":34,"column":7}}],"line":27},"1":{"loc":{"start":{"line":44,"column":6},"end":{"line":48,"column":7}},"type":"if","locations":[{"start":{"line":44,"column":6},"end":{"line":48,"column":7}},{"start":{"line":46,"column":13},"end":{"line":48,"column":7}}],"line":44},"2":{"loc":{"start":{"line":64,"column":15},"end":{"line":64,"column":57}},"type":"cond-expr","locations":[{"start":{"line":64,"column":37},"end":{"line":64,"column":44}},{"start":{"line":64,"column":47},"end":{"line":64,"column":57}}],"line":64},"3":{"loc":{"start":{"line":78,"column":20},"end":{"line":78,"column":70}},"type":"cond-expr","locations":[{"start":{"line":78,"column":42},"end":{"line":78,"column":53}},{"start":{"line":78,"column":56},"end":{"line":78,"column":70}}],"line":78},"4":{"loc":{"start":{"line":80,"column":11},"end":{"line":172,"column":11}},"type":"cond-expr","locations":[{"start":{"line":81,"column":12},"end":{"line":112,"column":20}},{"start":{"line":114,"column":12},"end":{"line":171,"column":20}}],"line":80}},"s":{"0":2,"1":11,"2":10,"3":10,"4":0,"5":0,"6":0,"7":0,"8":0,"9":0,"10":0,"11":0,"12":0,"13":10,"14":56,"15":56,"16":56,"17":1,"18":31,"19":55,"20":10,"21":2,"22":0},"f":{"0":11,"1":0,"2":56,"3":2,"4":0},"b":{"0":[0,0],"1":[1,31],"2":[8,2],"3":[8,2],"4":[8,2]},"_coverageSchema":"1a1c01bbd47fc00a2c39e90264f33305004495a9","hash":"05ddad174bffb8ccd8e2dd903819a6439f1c9b02"}
,"/home/somil.kaushik/blogs-ui/src/modules/user/index.js": {"path":"/home/somil.kaushik/blogs-ui/src/modules/user/index.js","statementMap":{},"fnMap":{},"branchMap":{},"s":{},"f":{},"b":{},"_coverageSchema":"1a1c01bbd47fc00a2c39e90264f33305004495a9","hash":"bcffe350553ace544717bc96333e778431c1305c"}
,"/home/somil.kaushik/blogs-ui/src/modules/user/service.js": {"path":"/home/somil.kaushik/blogs-ui/src/modules/user/service.js","statementMap":{"0":{"start":{"line":4,"column":14},"end":{"line":6,"column":1}},"1":{"start":{"line":5,"column":2},"end":{"line":5,"column":60}},"2":{"start":{"line":8,"column":17},"end":{"line":10,"column":1}},"3":{"start":{"line":9,"column":2},"end":{"line":9,"column":63}}},"fnMap":{"0":{"name":"(anonymous_0)","decl":{"start":{"line":4,"column":14},"end":{"line":4,"column":15}},"loc":{"start":{"line":4,"column":32},"end":{"line":6,"column":1}},"line":4},"1":{"name":"(anonymous_1)","decl":{"start":{"line":8,"column":17},"end":{"line":8,"column":18}},"loc":{"start":{"line":8,"column":35},"end":{"line":10,"column":1}},"line":8}},"branchMap":{},"s":{"0":2,"1":0,"2":2,"3":56},"f":{"0":0,"1":56},"b":{},"_coverageSchema":"1a1c01bbd47fc00a2c39e90264f33305004495a9","hash":"aabdc482e6df3aa5935276860594b953d6a997db"}
,"/home/somil.kaushik/blogs-ui/src/routing/ProtectedRoute.jsx": {"path":"/home/somil.kaushik/blogs-ui/src/routing/ProtectedRoute.jsx","statementMap":{"0":{"start":{"line":4,"column":23},"end":{"line":19,"column":1}},"1":{"start":{"line":5,"column":16},"end":{"line":5,"column":49}},"2":{"start":{"line":6,"column":40},"end":{"line":6,"column":55}},"3":{"start":{"line":8,"column":19},"end":{"line":8,"column":32}},"4":{"start":{"line":10,"column":2},"end":{"line":16,"column":24}},"5":{"start":{"line":11,"column":4},"end":{"line":15,"column":5}},"6":{"start":{"line":12,"column":6},"end":{"line":12,"column":27}},"7":{"start":{"line":14,"column":6},"end":{"line":14,"column":20}},"8":{"start":{"line":18,"column":2},"end":{"line":18,"column":50}}},"fnMap":{"0":{"name":"(anonymous_0)","decl":{"start":{"line":4,"column":23},"end":{"line":4,"column":24}},"loc":{"start":{"line":4,"column":29},"end":{"line":19,"column":1}},"line":4},"1":{"name":"(anonymous_1)","decl":{"start":{"line":10,"column":12},"end":{"line":10,"column":13}},"loc":{"start":{"line":10,"column":18},"end":{"line":16,"column":3}},"line":10}},"branchMap":{"0":{"loc":{"start":{"line":11,"column":4},"end":{"line":15,"column":5}},"type":"if","locations":[{"start":{"line":11,"column":4},"end":{"line":15,"column":5}},{"start":{"line":13,"column":11},"end":{"line":15,"column":5}}],"line":11},"1":{"loc":{"start":{"line":18,"column":9},"end":{"line":18,"column":49}},"type":"cond-expr","locations":[{"start":{"line":18,"column":23},"end":{"line":18,"column":33}},{"start":{"line":18,"column":36},"end":{"line":18,"column":49}}],"line":18}},"s":{"0":1,"1":0,"2":0,"3":0,"4":0,"5":0,"6":0,"7":0,"8":0},"f":{"0":0,"1":0},"b":{"0":[0,0],"1":[0,0]},"_coverageSchema":"1a1c01bbd47fc00a2c39e90264f33305004495a9","hash":"971b63814c272d2e43f1afc66199d18565b1d678"}
,"/home/somil.kaushik/blogs-ui/src/routing/PublicRoutes.jsx": {"path":"/home/somil.kaushik/blogs-ui/src/routing/PublicRoutes.jsx","statementMap":{"0":{"start":{"line":4,"column":21},"end":{"line":15,"column":1}},"1":{"start":{"line":5,"column":48},"end":{"line":5,"column":63}},"2":{"start":{"line":6,"column":16},"end":{"line":6,"column":49}},"3":{"start":{"line":7,"column":19},"end":{"line":7,"column":32}},"4":{"start":{"line":8,"column":2},"end":{"line":12,"column":24}},"5":{"start":{"line":9,"column":4},"end":{"line":11,"column":5}},"6":{"start":{"line":10,"column":6},"end":{"line":10,"column":31}},"7":{"start":{"line":14,"column":2},"end":{"line":14,"column":58}}},"fnMap":{"0":{"name":"(anonymous_0)","decl":{"start":{"line":4,"column":21},"end":{"line":4,"column":22}},"loc":{"start":{"line":4,"column":27},"end":{"line":15,"column":1}},"line":4},"1":{"name":"(anonymous_1)","decl":{"start":{"line":8,"column":12},"end":{"line":8,"column":13}},"loc":{"start":{"line":8,"column":18},"end":{"line":12,"column":3}},"line":8}},"branchMap":{"0":{"loc":{"start":{"line":9,"column":4},"end":{"line":11,"column":5}},"type":"if","locations":[{"start":{"line":9,"column":4},"end":{"line":11,"column":5}},{"start":{},"end":{}}],"line":9},"1":{"loc":{"start":{"line":14,"column":9},"end":{"line":14,"column":57}},"type":"cond-expr","locations":[{"start":{"line":14,"column":27},"end":{"line":14,"column":44}},{"start":{"line":14,"column":47},"end":{"line":14,"column":57}}],"line":14}},"s":{"0":1,"1":1,"2":1,"3":1,"4":1,"5":0,"6":0,"7":1},"f":{"0":1,"1":0},"b":{"0":[0,0],"1":[0,1]},"_coverageSchema":"1a1c01bbd47fc00a2c39e90264f33305004495a9","hash":"e0b18e4ff0f5e7e4038d987b810971283d6be370"}
,"/home/somil.kaushik/blogs-ui/src/routing/Routing.jsx": {"path":"/home/somil.kaushik/blogs-ui/src/routing/Routing.jsx","statementMap":{"0":{"start":{"line":16,"column":16},"end":{"line":38,"column":1}},"1":{"start":{"line":17,"column":2},"end":{"line":37,"column":4}}},"fnMap":{"0":{"name":"(anonymous_0)","decl":{"start":{"line":16,"column":16},"end":{"line":16,"column":17}},"loc":{"start":{"line":16,"column":22},"end":{"line":38,"column":1}},"line":16}},"branchMap":{},"s":{"0":1,"1":1},"f":{"0":1},"b":{},"_coverageSchema":"1a1c01bbd47fc00a2c39e90264f33305004495a9","hash":"f376301b655b920e6914c85d9d356ac501945dd0"}
}
