TN:
SF:src/App.js
FN:6,App
FNF:1
FNH:1
FNDA:1,App
DA:7,1
LF:1
LH:1
BRF:0
BRH:0
end_of_record
TN:
SF:src/component/Button.jsx
FN:17,(anonymous_0)
FNF:1
FNH:1
FNDA:169,(anonymous_0)
DA:10,4
DA:17,4
DA:18,169
DA:19,169
DA:20,169
LF:5
LH:5
BRDA:19,0,0,156
BRDA:19,0,1,13
BRF:2
BRH:2
end_of_record
TN:
SF:src/component/Card.jsx
FN:3,(anonymous_0)
FNF:1
FNH:1
FNDA:19,(anonymous_0)
DA:3,5
DA:4,19
LF:2
LH:2
BRF:0
BRH:0
end_of_record
TN:
SF:src/component/Form.jsx
FN:6,(anonymous_0)
FNF:1
FNH:1
FNDA:12,(anonymous_0)
DA:6,10
DA:7,12
LF:2
LH:2
BRF:0
BRH:0
end_of_record
TN:
SF:src/component/FormItem.jsx
FN:3,(anonymous_0)
FNF:1
FNH:1
FNDA:69,(anonymous_0)
DA:3,2
DA:4,69
LF:2
LH:2
BRF:0
BRH:0
end_of_record
TN:
SF:src/component/Image.jsx
FN:3,(anonymous_0)
FNF:1
FNH:1
FNDA:2,(anonymous_0)
DA:3,10
DA:4,2
LF:2
LH:2
BRF:0
BRH:0
end_of_record
TN:
SF:src/component/Input.jsx
FN:3,(anonymous_0)
FNF:1
FNH:1
FNDA:19,(anonymous_0)
DA:3,10
DA:4,19
LF:2
LH:2
BRF:0
BRH:0
end_of_record
TN:
SF:src/component/InputNumber.jsx
FN:3,(anonymous_0)
FNF:1
FNH:1
FNDA:8,(anonymous_0)
DA:3,10
DA:4,8
LF:2
LH:2
BRF:0
BRH:0
end_of_record
TN:
SF:src/component/InputPassword.jsx
FN:3,(anonymous_0)
FNF:1
FNH:1
FNDA:7,(anonymous_0)
DA:3,1
DA:4,7
LF:2
LH:2
BRF:0
BRH:0
end_of_record
TN:
SF:src/component/List.jsx
FN:3,(anonymous_0)
FN:7,(anonymous_1)
FN:11,(anonymous_2)
FNF:3
FNH:3
FNDA:13,(anonymous_0)
FNDA:53,(anonymous_1)
FNDA:53,(anonymous_2)
DA:3,1
DA:4,13
DA:7,1
DA:8,53
DA:11,1
DA:12,53
LF:6
LH:6
BRF:0
BRH:0
end_of_record
TN:
SF:src/component/Message.jsx
FN:2,(anonymous_0)
FN:9,(anonymous_1)
FNF:2
FNH:2
FNDA:1,(anonymous_0)
FNDA:55,(anonymous_1)
DA:2,2
DA:3,1
DA:9,2
DA:10,55
LF:4
LH:4
BRF:0
BRH:0
end_of_record
TN:
SF:src/component/Modal.jsx
FN:4,(anonymous_0)
FNF:1
FNH:1
FNDA:12,(anonymous_0)
DA:4,1
DA:5,12
LF:2
LH:2
BRF:0
BRH:0
end_of_record
TN:
SF:src/component/RadioGroup.jsx
FN:4,(anonymous_0)
FN:7,(anonymous_1)
FNF:2
FNH:2
FNDA:8,(anonymous_0)
FNDA:16,(anonymous_1)
DA:4,10
DA:5,8
DA:8,16
LF:3
LH:3
BRF:0
BRH:0
end_of_record
TN:
SF:src/component/Select.jsx
FN:4,(anonymous_0)
FN:7,(anonymous_1)
FNF:2
FNH:2
FNDA:4,(anonymous_0)
FNDA:20,(anonymous_1)
DA:4,10
DA:5,4
DA:8,20
LF:3
LH:3
BRF:0
BRH:0
end_of_record
TN:
SF:src/component/SideBar.jsx
FN:8,(anonymous_0)
FN:13,(anonymous_1)
FN:43,(anonymous_2)
FN:50,(anonymous_3)
FN:57,(anonymous_4)
FNF:5
FNH:5
FNDA:46,(anonymous_0)
FNDA:1,(anonymous_1)
FNDA:1,(anonymous_2)
FNDA:1,(anonymous_3)
FNDA:1,(anonymous_4)
DA:6,11
DA:8,11
DA:9,46
DA:11,46
DA:13,46
DA:14,1
DA:17,46
DA:43,1
DA:50,1
DA:58,1
DA:59,1
DA:85,11
LF:12
LH:12
BRF:0
BRH:0
end_of_record
TN:
SF:src/component/Skeleton.jsx
FN:3,(anonymous_0)
FNF:1
FNH:1
FNDA:1,(anonymous_0)
DA:3,10
DA:4,1
LF:2
LH:2
BRF:0
BRH:0
end_of_record
TN:
SF:src/component/Space.jsx
FN:2,(anonymous_0)
FNF:1
FNH:1
FNDA:7,(anonymous_0)
DA:2,1
DA:3,7
LF:2
LH:2
BRF:0
BRH:0
end_of_record
TN:
SF:src/component/Spin.jsx
FN:4,(anonymous_0)
FNF:1
FNH:1
FNDA:9,(anonymous_0)
DA:4,10
DA:5,9
LF:2
LH:2
BRF:0
BRH:0
end_of_record
TN:
SF:src/component/Table.jsx
FN:4,(anonymous_0)
FNF:1
FNH:1
FNDA:3,(anonymous_0)
DA:4,10
DA:5,3
LF:2
LH:2
BRF:0
BRH:0
end_of_record
TN:
SF:src/component/Typography.jsx
FN:3,(anonymous_0)
FNF:1
FNH:1
FNDA:5,(anonymous_0)
DA:3,1
DA:4,5
DA:5,5
LF:3
LH:3
BRF:0
BRH:0
end_of_record
TN:
SF:src/component/index.js
FN:18,(anonymous_0)
FN:19,(anonymous_1)
FN:21,(anonymous_2)
FN:22,(anonymous_3)
FN:25,(anonymous_4)
FN:26,(anonymous_5)
FN:31,(anonymous_6)
FN:32,(anonymous_7)
FNF:8
FNH:8
FNDA:4,(anonymous_0)
FNDA:1,(anonymous_1)
FNDA:1,(anonymous_2)
FNDA:5,(anonymous_3)
FNDA:2,(anonymous_4)
FNDA:1,(anonymous_5)
FNDA:1,(anonymous_6)
FNDA:3,(anonymous_7)
DA:18,10
DA:19,10
DA:21,10
DA:22,10
DA:25,10
DA:26,10
DA:31,10
DA:32,10
LF:8
LH:8
BRF:0
BRH:0
end_of_record
TN:
SF:src/config/config.js
FNF:0
FNH:0
DA:1,9
DA:2,9
LF:2
LH:2
BRF:0
BRH:0
end_of_record
TN:
SF:src/modules/index.js
FNF:0
FNH:0
LF:0
LH:0
BRF:0
BRH:0
end_of_record
TN:
SF:src/modules/blogs/BulkErrorDetail.jsx
FN:6,(anonymous_0)
FN:13,(anonymous_1)
FN:26,(anonymous_2)
FNF:3
FNH:3
FNDA:4,(anonymous_0)
FNDA:3,(anonymous_1)
FNDA:3,(anonymous_2)
DA:6,1
DA:7,4
DA:9,4
DA:10,4
DA:11,4
DA:13,4
DA:14,3
DA:15,3
DA:16,0
DA:18,3
DA:20,3
DA:22,3
DA:26,4
DA:27,3
DA:30,4
DA:43,4
DA:44,3
DA:47,1
DA:48,1
DA:51,0
DA:52,0
DA:55,0
LF:22
LH:18
BRDA:43,0,0,3
BRDA:43,0,1,1
BRDA:47,1,0,1
BRDA:47,1,1,0
BRDA:51,2,0,0
BRDA:51,2,1,0
BRF:6
BRH:3
end_of_record
TN:
SF:src/modules/blogs/BulkUpload.jsx
FN:5,(anonymous_0)
FN:9,(anonymous_1)
FN:13,(anonymous_2)
FNF:3
FNH:3
FNDA:6,(anonymous_0)
FNDA:1,(anonymous_1)
FNDA:1,(anonymous_2)
DA:5,1
DA:6,6
DA:7,5
DA:9,5
DA:10,1
DA:13,5
DA:14,1
DA:15,1
DA:16,1
DA:18,1
DA:19,1
DA:20,1
DA:21,1
DA:23,0
DA:25,1
DA:29,5
LF:16
LH:15
BRDA:31,0,0,1
BRDA:31,0,1,4
BRF:2
BRH:2
end_of_record
TN:
SF:src/modules/blogs/BulkUploadListing.jsx
FN:7,(anonymous_0)
FN:12,(anonymous_1)
FN:16,(anonymous_2)
FN:27,(anonymous_3)
FN:40,(anonymous_4)
FN:54,(anonymous_5)
FN:58,(anonymous_6)
FNF:7
FNH:5
FNDA:7,(anonymous_0)
FNDA:0,(anonymous_1)
FNDA:4,(anonymous_2)
FNDA:4,(anonymous_3)
FNDA:1,(anonymous_4)
FNDA:1,(anonymous_5)
FNDA:0,(anonymous_6)
DA:7,1
DA:8,7
DA:9,6
DA:10,6
DA:12,6
DA:13,0
DA:16,6
DA:17,4
DA:18,4
DA:19,3
DA:21,2
DA:23,4
DA:27,6
DA:28,4
DA:31,6
DA:32,4
DA:35,2
DA:41,1
DA:55,1
DA:58,0
DA:66,2
LF:21
LH:19
BRDA:31,0,0,4
BRDA:31,0,1,2
BRF:2
BRH:2
end_of_record
TN:
SF:src/modules/blogs/Create.jsx
FN:20,(anonymous_0)
FN:46,(anonymous_1)
FN:52,(anonymous_2)
FN:98,(anonymous_3)
FN:127,(anonymous_4)
FN:139,(anonymous_5)
FNF:6
FNH:5
FNDA:9,(anonymous_0)
FNDA:1,(anonymous_1)
FNDA:1,(anonymous_2)
FNDA:1,(anonymous_3)
FNDA:0,(anonymous_4)
FNDA:1,(anonymous_5)
DA:18,2
DA:20,2
DA:21,9
DA:22,9
DA:23,9
DA:25,9
DA:46,9
DA:47,1
DA:48,1
DA:52,9
DA:53,1
DA:54,1
DA:55,1
DA:56,1
DA:58,1
DA:79,1
DA:94,0
DA:98,9
DA:99,1
DA:120,1
DA:121,0
DA:123,1
DA:127,9
DA:128,0
DA:129,0
DA:130,0
DA:132,0
DA:133,0
DA:134,0
DA:139,9
DA:140,1
DA:141,1
DA:143,0
DA:145,1
DA:146,1
DA:147,1
DA:152,9
DA:160,9
DA:165,9
LF:39
LH:30
BRDA:47,0,0,1
BRDA:47,0,1,0
BRDA:61,1,0,1
BRDA:61,1,1,0
BRDA:62,2,0,1
BRDA:62,2,1,0
BRDA:64,3,0,1
BRDA:64,3,1,0
BRDA:65,4,0,1
BRDA:65,4,1,0
BRDA:66,5,0,1
BRDA:66,5,1,0
BRDA:67,6,0,1
BRDA:67,6,1,0
BRDA:68,7,0,1
BRDA:68,7,1,0
BRDA:69,8,0,1
BRDA:69,8,1,0
BRDA:71,9,0,1
BRDA:71,9,1,0
BRDA:72,10,0,1
BRDA:72,10,1,0
BRDA:73,11,0,1
BRDA:73,11,1,0
BRDA:74,12,0,1
BRDA:74,12,1,0
BRDA:75,13,0,1
BRDA:75,13,1,1
BRDA:81,14,0,1
BRDA:81,14,1,0
BRDA:102,15,0,1
BRDA:102,15,1,0
BRDA:105,16,0,1
BRDA:105,16,1,0
BRDA:106,17,0,1
BRDA:106,17,1,0
BRDA:107,18,0,1
BRDA:107,18,1,0
BRDA:108,19,0,1
BRDA:108,19,1,0
BRDA:109,20,0,1
BRDA:109,20,1,0
BRDA:110,21,0,1
BRDA:110,21,1,0
BRDA:112,22,0,1
BRDA:112,22,1,0
BRDA:113,23,0,1
BRDA:113,23,1,0
BRDA:114,24,0,1
BRDA:114,24,1,0
BRDA:115,25,0,1
BRDA:115,25,1,0
BRDA:120,26,0,0
BRDA:120,26,1,1
BRDA:132,27,0,0
BRDA:132,27,1,0
BRDA:145,28,0,1
BRDA:145,28,1,0
BRDA:168,29,0,7
BRDA:168,29,1,2
BRF:60
BRH:31
end_of_record
TN:
SF:src/modules/blogs/DetailedView.jsx
FN:8,(anonymous_0)
FN:13,(anonymous_1)
FN:21,(anonymous_2)
FNF:3
FNH:3
FNDA:3,(anonymous_0)
FNDA:2,(anonymous_1)
FNDA:2,(anonymous_2)
DA:8,1
DA:9,3
DA:10,2
DA:11,2
DA:13,2
DA:14,2
DA:15,2
DA:16,1
DA:18,1
DA:21,2
DA:22,2
DA:25,2
LF:12
LH:12
BRDA:41,0,0,0
BRDA:41,0,1,2
BRDA:45,1,0,0
BRDA:45,1,1,2
BRF:4
BRH:2
end_of_record
TN:
SF:src/modules/blogs/NotFound.jsx
FN:4,(anonymous_0)
FNF:1
FNH:1
FNDA:2,(anonymous_0)
DA:4,1
DA:5,2
LF:2
LH:2
BRF:0
BRH:0
end_of_record
TN:
SF:src/modules/blogs/View.jsx
FN:13,(anonymous_0)
FN:27,(anonymous_1)
FN:32,(anonymous_2)
FN:38,(anonymous_3)
FN:49,(anonymous_4)
FN:52,(anonymous_5)
FN:52,(anonymous_6)
FN:55,(anonymous_7)
FN:59,(anonymous_8)
FN:62,(anonymous_9)
FN:66,(anonymous_10)
FN:73,(anonymous_11)
FN:85,(anonymous_12)
FN:90,(anonymous_13)
FN:99,(anonymous_14)
FN:107,(anonymous_15)
FN:126,(anonymous_16)
FN:127,(anonymous_17)
FN:130,(anonymous_18)
FN:131,(anonymous_19)
FN:134,(anonymous_20)
FN:138,(anonymous_21)
FN:171,(anonymous_22)
FN:202,(anonymous_23)
FN:243,(anonymous_24)
FN:264,(anonymous_25)
FN:270,(anonymous_26)
FN:277,(anonymous_27)
FNF:28
FNH:18
FNDA:22,(anonymous_0)
FNDA:1,(anonymous_1)
FNDA:1,(anonymous_2)
FNDA:1,(anonymous_3)
FNDA:1,(anonymous_4)
FNDA:1,(anonymous_5)
FNDA:1,(anonymous_6)
FNDA:0,(anonymous_7)
FNDA:0,(anonymous_8)
FNDA:1,(anonymous_9)
FNDA:8,(anonymous_10)
FNDA:1,(anonymous_11)
FNDA:0,(anonymous_12)
FNDA:0,(anonymous_13)
FNDA:4,(anonymous_14)
FNDA:4,(anonymous_15)
FNDA:0,(anonymous_16)
FNDA:0,(anonymous_17)
FNDA:0,(anonymous_18)
FNDA:0,(anonymous_19)
FNDA:1,(anonymous_20)
FNDA:6,(anonymous_21)
FNDA:6,(anonymous_22)
FNDA:0,(anonymous_23)
FNDA:53,(anonymous_24)
FNDA:1,(anonymous_25)
FNDA:0,(anonymous_26)
FNDA:1,(anonymous_27)
DA:13,1
DA:14,22
DA:15,22
DA:16,22
DA:17,22
DA:19,22
DA:20,22
DA:22,22
DA:24,22
DA:25,22
DA:27,22
DA:28,1
DA:29,1
DA:32,22
DA:33,1
DA:34,1
DA:38,22
DA:39,1
DA:40,1
DA:42,1
DA:43,0
DA:44,0
DA:49,22
DA:50,1
DA:51,1
DA:52,1
DA:55,22
DA:56,0
DA:59,22
DA:60,0
DA:62,22
DA:63,1
DA:66,22
DA:67,8
DA:68,8
DA:69,5
DA:70,5
DA:73,22
DA:74,1
DA:75,1
DA:76,1
DA:77,1
DA:79,0
DA:81,1
DA:85,22
DA:86,0
DA:87,0
DA:90,22
DA:91,0
DA:92,0
DA:93,0
DA:95,0
DA:96,0
DA:99,22
DA:100,4
DA:101,0
DA:102,4
DA:103,4
DA:107,22
DA:108,4
DA:109,0
DA:110,0
DA:111,0
DA:112,0
DA:116,22
DA:117,9
DA:126,13
DA:127,0
DA:130,13
DA:131,0
DA:134,13
DA:135,1
DA:138,13
DA:139,6
DA:140,0
DA:144,13
DA:171,6
DA:203,0
DA:204,0
DA:244,53
DA:264,1
DA:270,0
DA:277,1
LF:83
LH:60
BRDA:33,0,0,1
BRDA:33,0,1,0
BRDA:42,1,0,0
BRDA:42,1,1,1
BRDA:92,2,0,0
BRDA:92,2,1,0
BRDA:100,3,0,0
BRDA:100,3,1,4
BRDA:102,4,0,4
BRDA:102,4,1,0
BRDA:108,5,0,4
BRDA:108,5,1,0
BRDA:108,6,0,4
BRDA:108,6,1,4
BRDA:109,7,0,0
BRDA:109,7,1,0
BRDA:111,8,0,0
BRDA:111,8,1,0
BRDA:116,9,0,9
BRDA:116,9,1,13
BRDA:127,10,0,0
BRDA:127,10,1,0
BRDA:139,11,0,0
BRDA:139,11,1,6
BRDA:236,12,0,1
BRDA:236,12,1,12
BRF:26
BRH:12
end_of_record
TN:
SF:src/modules/blogs/index.js
FN:2,(anonymous_0)
FN:3,(anonymous_1)
FN:4,(anonymous_2)
FN:5,(anonymous_3)
FN:6,(anonymous_4)
FN:7,(anonymous_5)
FN:9,(anonymous_6)
FNF:7
FNH:0
FNDA:0,(anonymous_0)
FNDA:0,(anonymous_1)
FNDA:0,(anonymous_2)
FNDA:0,(anonymous_3)
FNDA:0,(anonymous_4)
FNDA:0,(anonymous_5)
FNDA:0,(anonymous_6)
DA:2,2
DA:3,2
DA:4,2
DA:5,2
DA:6,2
DA:7,2
DA:9,2
LF:7
LH:7
BRF:0
BRH:0
end_of_record
TN:
SF:src/modules/blogs/service.js
FN:4,(anonymous_0)
FN:16,(anonymous_1)
FN:22,(anonymous_2)
FN:28,(anonymous_3)
FN:32,(anonymous_4)
FN:36,(anonymous_5)
FN:45,(anonymous_6)
FN:53,(anonymous_7)
FN:57,(anonymous_8)
FN:65,(anonymous_9)
FN:73,(anonymous_10)
FNF:11
FNH:9
FNDA:8,(anonymous_0)
FNDA:1,(anonymous_1)
FNDA:0,(anonymous_2)
FNDA:3,(anonymous_3)
FNDA:4,(anonymous_4)
FNDA:1,(anonymous_5)
FNDA:1,(anonymous_6)
FNDA:1,(anonymous_7)
FNDA:1,(anonymous_8)
FNDA:0,(anonymous_9)
FNDA:2,(anonymous_10)
DA:4,7
DA:5,8
DA:16,7
DA:17,1
DA:22,7
DA:23,0
DA:28,7
DA:29,3
DA:32,7
DA:33,4
DA:36,7
DA:37,1
DA:45,7
DA:46,1
DA:53,7
DA:54,1
DA:57,7
DA:58,1
DA:65,7
DA:66,0
DA:73,7
DA:74,2
LF:22
LH:20
BRF:0
BRH:0
end_of_record
TN:
SF:src/modules/user/Login.jsx
FN:16,(anonymous_0)
FN:21,(anonymous_1)
FN:40,(anonymous_2)
FN:109,(anonymous_3)
FN:168,(anonymous_4)
FNF:5
FNH:3
FNDA:11,(anonymous_0)
FNDA:0,(anonymous_1)
FNDA:56,(anonymous_2)
FNDA:2,(anonymous_3)
FNDA:0,(anonymous_4)
DA:16,2
DA:17,11
DA:19,10
DA:21,10
DA:22,0
DA:23,0
DA:25,0
DA:27,0
DA:28,0
DA:29,0
DA:31,0
DA:33,0
DA:36,0
DA:40,10
DA:41,56
DA:42,56
DA:44,56
DA:45,1
DA:47,31
DA:50,55
DA:54,10
DA:109,2
DA:168,0
LF:23
LH:13
BRDA:27,0,0,0
BRDA:27,0,1,0
BRDA:44,1,0,1
BRDA:44,1,1,31
BRDA:64,2,0,8
BRDA:64,2,1,2
BRDA:78,3,0,8
BRDA:78,3,1,2
BRDA:80,4,0,8
BRDA:80,4,1,2
BRF:10
BRH:8
end_of_record
TN:
SF:src/modules/user/index.js
FNF:0
FNH:0
LF:0
LH:0
BRF:0
BRH:0
end_of_record
TN:
SF:src/modules/user/service.js
FN:4,(anonymous_0)
FN:8,(anonymous_1)
FNF:2
FNH:1
FNDA:0,(anonymous_0)
FNDA:56,(anonymous_1)
DA:4,2
DA:5,0
DA:8,2
DA:9,56
LF:4
LH:3
BRF:0
BRH:0
end_of_record
TN:
SF:src/routing/ProtectedRoute.jsx
FN:4,(anonymous_0)
FN:10,(anonymous_1)
FNF:2
FNH:0
FNDA:0,(anonymous_0)
FNDA:0,(anonymous_1)
DA:4,1
DA:5,0
DA:6,0
DA:8,0
DA:10,0
DA:11,0
DA:12,0
DA:14,0
DA:18,0
LF:9
LH:1
BRDA:11,0,0,0
BRDA:11,0,1,0
BRDA:18,1,0,0
BRDA:18,1,1,0
BRF:4
BRH:0
end_of_record
TN:
SF:src/routing/PublicRoutes.jsx
FN:4,(anonymous_0)
FN:8,(anonymous_1)
FNF:2
FNH:1
FNDA:1,(anonymous_0)
FNDA:0,(anonymous_1)
DA:4,1
DA:5,1
DA:6,1
DA:7,1
DA:8,1
DA:9,0
DA:10,0
DA:14,1
LF:8
LH:6
BRDA:9,0,0,0
BRDA:9,0,1,0
BRDA:14,1,0,0
BRDA:14,1,1,1
BRF:4
BRH:1
end_of_record
TN:
SF:src/routing/Routing.jsx
FN:16,(anonymous_0)
FNF:1
FNH:1
FNDA:1,(anonymous_0)
DA:16,1
DA:17,1
LF:2
LH:2
BRF:0
BRH:0
end_of_record
